#Timing report of worst 49 path(s)
# Unit scale: 1e-09 seconds
# Output precision: 3

#Path 1
Startpoint: tin_pv11_1_1_.inpad[0] (.input clocked by pclk)
Endpoint  : out:pv11_1_1_.outpad[0] (.output clocked by pclk)
Path Type : setup

Point                                                             Incr      Path
--------------------------------------------------------------------------------
clock pclk (rise edge)                                           0.000     0.000
clock source latency                                             0.000     0.000
input external delay                                             0.000     0.000
tin_pv11_1_1_.inpad[0] (.input)                                  0.000     0.000
pv11_1_1_.in[0] (.names)                                         0.639     0.639
pv11_1_1_.out[0] (.names)                                        0.235     0.874
out:pv11_1_1_.outpad[0] (.output)                                0.620     1.493
data arrival time                                                          1.493

clock pclk (rise edge)                                          10.000    10.000
clock source latency                                             0.000    10.000
clock uncertainty                                                0.000    10.000
output external delay                                            0.000    10.000
data required time                                                        10.000
--------------------------------------------------------------------------------
data required time                                                        10.000
data arrival time                                                         -1.493
--------------------------------------------------------------------------------
slack (MET)                                                                8.507


#Path 2
Startpoint: tin_pv4_4_4_.inpad[0] (.input clocked by pclk)
Endpoint  : out:pv4_4_4_.outpad[0] (.output clocked by pclk)
Path Type : setup

Point                                                             Incr      Path
--------------------------------------------------------------------------------
clock pclk (rise edge)                                           0.000     0.000
clock source latency                                             0.000     0.000
input external delay                                             0.000     0.000
tin_pv4_4_4_.inpad[0] (.input)                                   0.000     0.000
pv4_4_4_.in[0] (.names)                                          0.646     0.646
pv4_4_4_.out[0] (.names)                                         0.235     0.881
out:pv4_4_4_.outpad[0] (.output)                                 0.601     1.483
data arrival time                                                          1.483

clock pclk (rise edge)                                          10.000    10.000
clock source latency                                             0.000    10.000
clock uncertainty                                                0.000    10.000
output external delay                                            0.000    10.000
data required time                                                        10.000
--------------------------------------------------------------------------------
data required time                                                        10.000
data arrival time                                                         -1.483
--------------------------------------------------------------------------------
slack (MET)                                                                8.517


#Path 3
Startpoint: tin_pv11_0_0_.inpad[0] (.input clocked by pclk)
Endpoint  : out:pv11_0_0_.outpad[0] (.output clocked by pclk)
Path Type : setup

Point                                                             Incr      Path
--------------------------------------------------------------------------------
clock pclk (rise edge)                                           0.000     0.000
clock source latency                                             0.000     0.000
input external delay                                             0.000     0.000
tin_pv11_0_0_.inpad[0] (.input)                                  0.000     0.000
pv11_0_0_.in[0] (.names)                                         0.616     0.616
pv11_0_0_.out[0] (.names)                                        0.235     0.851
out:pv11_0_0_.outpad[0] (.output)                                0.597     1.448
data arrival time                                                          1.448

clock pclk (rise edge)                                          10.000    10.000
clock source latency                                             0.000    10.000
clock uncertainty                                                0.000    10.000
output external delay                                            0.000    10.000
data required time                                                        10.000
--------------------------------------------------------------------------------
data required time                                                        10.000
data arrival time                                                         -1.448
--------------------------------------------------------------------------------
slack (MET)                                                                8.552


#Path 4
Startpoint: tin_pv11_7_7_.inpad[0] (.input clocked by pclk)
Endpoint  : out:pv11_7_7_.outpad[0] (.output clocked by pclk)
Path Type : setup

Point                                                             Incr      Path
--------------------------------------------------------------------------------
clock pclk (rise edge)                                           0.000     0.000
clock source latency                                             0.000     0.000
input external delay                                             0.000     0.000
tin_pv11_7_7_.inpad[0] (.input)                                  0.000     0.000
pv11_7_7_.in[0] (.names)                                         0.643     0.643
pv11_7_7_.out[0] (.names)                                        0.235     0.878
out:pv11_7_7_.outpad[0] (.output)                                0.525     1.403
data arrival time                                                          1.403

clock pclk (rise edge)                                          10.000    10.000
clock source latency                                             0.000    10.000
clock uncertainty                                                0.000    10.000
output external delay                                            0.000    10.000
data required time                                                        10.000
--------------------------------------------------------------------------------
data required time                                                        10.000
data arrival time                                                         -1.403
--------------------------------------------------------------------------------
slack (MET)                                                                8.597


#Path 5
Startpoint: tin_pv1_0_0_.inpad[0] (.input clocked by pclk)
Endpoint  : out:pv1_0_0_.outpad[0] (.output clocked by pclk)
Path Type : setup

Point                                                             Incr      Path
--------------------------------------------------------------------------------
clock pclk (rise edge)                                           0.000     0.000
clock source latency                                             0.000     0.000
input external delay                                             0.000     0.000
tin_pv1_0_0_.inpad[0] (.input)                                   0.000     0.000
pv1_0_0_.in[0] (.names)                                          0.616     0.616
pv1_0_0_.out[0] (.names)                                         0.235     0.851
out:pv1_0_0_.outpad[0] (.output)                                 0.519     1.370
data arrival time                                                          1.370

clock pclk (rise edge)                                          10.000    10.000
clock source latency                                             0.000    10.000
clock uncertainty                                                0.000    10.000
output external delay                                            0.000    10.000
data required time                                                        10.000
--------------------------------------------------------------------------------
data required time                                                        10.000
data arrival time                                                         -1.370
--------------------------------------------------------------------------------
slack (MET)                                                                8.630


#Path 6
Startpoint: tin_pv4_6_6_.inpad[0] (.input clocked by pclk)
Endpoint  : out:pv4_6_6_.outpad[0] (.output clocked by pclk)
Path Type : setup

Point                                                             Incr      Path
--------------------------------------------------------------------------------
clock pclk (rise edge)                                           0.000     0.000
clock source latency                                             0.000     0.000
input external delay                                             0.000     0.000
tin_pv4_6_6_.inpad[0] (.input)                                   0.000     0.000
pv4_6_6_.in[0] (.names)                                          0.430     0.430
pv4_6_6_.out[0] (.names)                                         0.235     0.665
out:pv4_6_6_.outpad[0] (.output)                                 0.694     1.359
data arrival time                                                          1.359

clock pclk (rise edge)                                          10.000    10.000
clock source latency                                             0.000    10.000
clock uncertainty                                                0.000    10.000
output external delay                                            0.000    10.000
data required time                                                        10.000
--------------------------------------------------------------------------------
data required time                                                        10.000
data arrival time                                                         -1.359
--------------------------------------------------------------------------------
slack (MET)                                                                8.641


#Path 7
Startpoint: tin_pv4_3_3_.inpad[0] (.input clocked by pclk)
Endpoint  : out:pv4_3_3_.outpad[0] (.output clocked by pclk)
Path Type : setup

Point                                                             Incr      Path
--------------------------------------------------------------------------------
clock pclk (rise edge)                                           0.000     0.000
clock source latency                                             0.000     0.000
input external delay                                             0.000     0.000
tin_pv4_3_3_.inpad[0] (.input)                                   0.000     0.000
pv4_3_3_.in[0] (.names)                                          0.503     0.503
pv4_3_3_.out[0] (.names)                                         0.235     0.738
out:pv4_3_3_.outpad[0] (.output)                                 0.604     1.343
data arrival time                                                          1.343

clock pclk (rise edge)                                          10.000    10.000
clock source latency                                             0.000    10.000
clock uncertainty                                                0.000    10.000
output external delay                                            0.000    10.000
data required time                                                        10.000
--------------------------------------------------------------------------------
data required time                                                        10.000
data arrival time                                                         -1.343
--------------------------------------------------------------------------------
slack (MET)                                                                8.657


#Path 8
Startpoint: tin_pv10_7_7_.inpad[0] (.input clocked by pclk)
Endpoint  : out:pv10_7_7_.outpad[0] (.output clocked by pclk)
Path Type : setup

Point                                                             Incr      Path
--------------------------------------------------------------------------------
clock pclk (rise edge)                                           0.000     0.000
clock source latency                                             0.000     0.000
input external delay                                             0.000     0.000
tin_pv10_7_7_.inpad[0] (.input)                                  0.000     0.000
pv10_7_7_.in[0] (.names)                                         0.453     0.453
pv10_7_7_.out[0] (.names)                                        0.235     0.688
out:pv10_7_7_.outpad[0] (.output)                                0.651     1.339
data arrival time                                                          1.339

clock pclk (rise edge)                                          10.000    10.000
clock source latency                                             0.000    10.000
clock uncertainty                                                0.000    10.000
output external delay                                            0.000    10.000
data required time                                                        10.000
--------------------------------------------------------------------------------
data required time                                                        10.000
data arrival time                                                         -1.339
--------------------------------------------------------------------------------
slack (MET)                                                                8.661


#Path 9
Startpoint: tin_pv4_0_0_.inpad[0] (.input clocked by pclk)
Endpoint  : out:pv4_0_0_.outpad[0] (.output clocked by pclk)
Path Type : setup

Point                                                             Incr      Path
--------------------------------------------------------------------------------
clock pclk (rise edge)                                           0.000     0.000
clock source latency                                             0.000     0.000
input external delay                                             0.000     0.000
tin_pv4_0_0_.inpad[0] (.input)                                   0.000     0.000
pv4_0_0_.in[0] (.names)                                          0.479     0.479
pv4_0_0_.out[0] (.names)                                         0.235     0.714
out:pv4_0_0_.outpad[0] (.output)                                 0.583     1.297
data arrival time                                                          1.297

clock pclk (rise edge)                                          10.000    10.000
clock source latency                                             0.000    10.000
clock uncertainty                                                0.000    10.000
output external delay                                            0.000    10.000
data required time                                                        10.000
--------------------------------------------------------------------------------
data required time                                                        10.000
data arrival time                                                         -1.297
--------------------------------------------------------------------------------
slack (MET)                                                                8.703


#Path 10
Startpoint: tin_pv1_4_4_.inpad[0] (.input clocked by pclk)
Endpoint  : out:pv1_4_4_.outpad[0] (.output clocked by pclk)
Path Type : setup

Point                                                             Incr      Path
--------------------------------------------------------------------------------
clock pclk (rise edge)                                           0.000     0.000
clock source latency                                             0.000     0.000
input external delay                                             0.000     0.000
tin_pv1_4_4_.inpad[0] (.input)                                   0.000     0.000
pv1_4_4_.in[0] (.names)                                          0.355     0.355
pv1_4_4_.out[0] (.names)                                         0.235     0.590
out:pv1_4_4_.outpad[0] (.output)                                 0.699     1.289
data arrival time                                                          1.289

clock pclk (rise edge)                                          10.000    10.000
clock source latency                                             0.000    10.000
clock uncertainty                                                0.000    10.000
output external delay                                            0.000    10.000
data required time                                                        10.000
--------------------------------------------------------------------------------
data required time                                                        10.000
data arrival time                                                         -1.289
--------------------------------------------------------------------------------
slack (MET)                                                                8.711


#Path 11
Startpoint: tin_pv1_6_6_.inpad[0] (.input clocked by pclk)
Endpoint  : out:pv1_6_6_.outpad[0] (.output clocked by pclk)
Path Type : setup

Point                                                             Incr      Path
--------------------------------------------------------------------------------
clock pclk (rise edge)                                           0.000     0.000
clock source latency                                             0.000     0.000
input external delay                                             0.000     0.000
tin_pv1_6_6_.inpad[0] (.input)                                   0.000     0.000
pv1_6_6_.in[0] (.names)                                          0.427     0.427
pv1_6_6_.out[0] (.names)                                         0.235     0.662
out:pv1_6_6_.outpad[0] (.output)                                 0.621     1.283
data arrival time                                                          1.283

clock pclk (rise edge)                                          10.000    10.000
clock source latency                                             0.000    10.000
clock uncertainty                                                0.000    10.000
output external delay                                            0.000    10.000
data required time                                                        10.000
--------------------------------------------------------------------------------
data required time                                                        10.000
data arrival time                                                         -1.283
--------------------------------------------------------------------------------
slack (MET)                                                                8.717


#Path 12
Startpoint: tin_pv2_6_6_.inpad[0] (.input clocked by pclk)
Endpoint  : out:pv2_6_6_.outpad[0] (.output clocked by pclk)
Path Type : setup

Point                                                             Incr      Path
--------------------------------------------------------------------------------
clock pclk (rise edge)                                           0.000     0.000
clock source latency                                             0.000     0.000
input external delay                                             0.000     0.000
tin_pv2_6_6_.inpad[0] (.input)                                   0.000     0.000
pv2_6_6_.in[0] (.names)                                          0.546     0.546
pv2_6_6_.out[0] (.names)                                         0.235     0.781
out:pv2_6_6_.outpad[0] (.output)                                 0.495     1.276
data arrival time                                                          1.276

clock pclk (rise edge)                                          10.000    10.000
clock source latency                                             0.000    10.000
clock uncertainty                                                0.000    10.000
output external delay                                            0.000    10.000
data required time                                                        10.000
--------------------------------------------------------------------------------
data required time                                                        10.000
data arrival time                                                         -1.276
--------------------------------------------------------------------------------
slack (MET)                                                                8.724


#Path 13
Startpoint: tin_pv11_5_5_.inpad[0] (.input clocked by pclk)
Endpoint  : out:pv11_5_5_.outpad[0] (.output clocked by pclk)
Path Type : setup

Point                                                             Incr      Path
--------------------------------------------------------------------------------
clock pclk (rise edge)                                           0.000     0.000
clock source latency                                             0.000     0.000
input external delay                                             0.000     0.000
tin_pv11_5_5_.inpad[0] (.input)                                  0.000     0.000
pv11_5_5_.in[0] (.names)                                         0.494     0.494
pv11_5_5_.out[0] (.names)                                        0.235     0.729
out:pv11_5_5_.outpad[0] (.output)                                0.526     1.255
data arrival time                                                          1.255

clock pclk (rise edge)                                          10.000    10.000
clock source latency                                             0.000    10.000
clock uncertainty                                                0.000    10.000
output external delay                                            0.000    10.000
data required time                                                        10.000
--------------------------------------------------------------------------------
data required time                                                        10.000
data arrival time                                                         -1.255
--------------------------------------------------------------------------------
slack (MET)                                                                8.745


#Path 14
Startpoint: tin_pv2_7_7_.inpad[0] (.input clocked by pclk)
Endpoint  : out:pv2_7_7_.outpad[0] (.output clocked by pclk)
Path Type : setup

Point                                                             Incr      Path
--------------------------------------------------------------------------------
clock pclk (rise edge)                                           0.000     0.000
clock source latency                                             0.000     0.000
input external delay                                             0.000     0.000
tin_pv2_7_7_.inpad[0] (.input)                                   0.000     0.000
pv2_7_7_.in[0] (.names)                                          0.477     0.477
pv2_7_7_.out[0] (.names)                                         0.235     0.712
out:pv2_7_7_.outpad[0] (.output)                                 0.528     1.240
data arrival time                                                          1.240

clock pclk (rise edge)                                          10.000    10.000
clock source latency                                             0.000    10.000
clock uncertainty                                                0.000    10.000
output external delay                                            0.000    10.000
data required time                                                        10.000
--------------------------------------------------------------------------------
data required time                                                        10.000
data arrival time                                                         -1.240
--------------------------------------------------------------------------------
slack (MET)                                                                8.760


#Path 15
Startpoint: tin_pv2_3_3_.inpad[0] (.input clocked by pclk)
Endpoint  : out:pv2_3_3_.outpad[0] (.output clocked by pclk)
Path Type : setup

Point                                                             Incr      Path
--------------------------------------------------------------------------------
clock pclk (rise edge)                                           0.000     0.000
clock source latency                                             0.000     0.000
input external delay                                             0.000     0.000
tin_pv2_3_3_.inpad[0] (.input)                                   0.000     0.000
pv2_3_3_.in[0] (.names)                                          0.584     0.584
pv2_3_3_.out[0] (.names)                                         0.235     0.819
out:pv2_3_3_.outpad[0] (.output)                                 0.406     1.225
data arrival time                                                          1.225

clock pclk (rise edge)                                          10.000    10.000
clock source latency                                             0.000    10.000
clock uncertainty                                                0.000    10.000
output external delay                                            0.000    10.000
data required time                                                        10.000
--------------------------------------------------------------------------------
data required time                                                        10.000
data arrival time                                                         -1.225
--------------------------------------------------------------------------------
slack (MET)                                                                8.775


#Path 16
Startpoint: tin_pv6_5_5_.inpad[0] (.input clocked by pclk)
Endpoint  : out:pv6_5_5_.outpad[0] (.output clocked by pclk)
Path Type : setup

Point                                                             Incr      Path
--------------------------------------------------------------------------------
clock pclk (rise edge)                                           0.000     0.000
clock source latency                                             0.000     0.000
input external delay                                             0.000     0.000
tin_pv6_5_5_.inpad[0] (.input)                                   0.000     0.000
pv6_5_5_.in[0] (.names)                                          0.329     0.329
pv6_5_5_.out[0] (.names)                                         0.235     0.564
out:pv6_5_5_.outpad[0] (.output)                                 0.659     1.223
data arrival time                                                          1.223

clock pclk (rise edge)                                          10.000    10.000
clock source latency                                             0.000    10.000
clock uncertainty                                                0.000    10.000
output external delay                                            0.000    10.000
data required time                                                        10.000
--------------------------------------------------------------------------------
data required time                                                        10.000
data arrival time                                                         -1.223
--------------------------------------------------------------------------------
slack (MET)                                                                8.777


#Path 17
Startpoint: tin_pv10_5_5_.inpad[0] (.input clocked by pclk)
Endpoint  : out:pv10_5_5_.outpad[0] (.output clocked by pclk)
Path Type : setup

Point                                                             Incr      Path
--------------------------------------------------------------------------------
clock pclk (rise edge)                                           0.000     0.000
clock source latency                                             0.000     0.000
input external delay                                             0.000     0.000
tin_pv10_5_5_.inpad[0] (.input)                                  0.000     0.000
pv10_5_5_.in[0] (.names)                                         0.455     0.455
pv10_5_5_.out[0] (.names)                                        0.235     0.690
out:pv10_5_5_.outpad[0] (.output)                                0.507     1.197
data arrival time                                                          1.197

clock pclk (rise edge)                                          10.000    10.000
clock source latency                                             0.000    10.000
clock uncertainty                                                0.000    10.000
output external delay                                            0.000    10.000
data required time                                                        10.000
--------------------------------------------------------------------------------
data required time                                                        10.000
data arrival time                                                         -1.197
--------------------------------------------------------------------------------
slack (MET)                                                                8.803


#Path 18
Startpoint: tin_pv10_3_3_.inpad[0] (.input clocked by pclk)
Endpoint  : out:pv10_3_3_.outpad[0] (.output clocked by pclk)
Path Type : setup

Point                                                             Incr      Path
--------------------------------------------------------------------------------
clock pclk (rise edge)                                           0.000     0.000
clock source latency                                             0.000     0.000
input external delay                                             0.000     0.000
tin_pv10_3_3_.inpad[0] (.input)                                  0.000     0.000
pv10_3_3_.in[0] (.names)                                         0.479     0.479
pv10_3_3_.out[0] (.names)                                        0.235     0.714
out:pv10_3_3_.outpad[0] (.output)                                0.479     1.192
data arrival time                                                          1.192

clock pclk (rise edge)                                          10.000    10.000
clock source latency                                             0.000    10.000
clock uncertainty                                                0.000    10.000
output external delay                                            0.000    10.000
data required time                                                        10.000
--------------------------------------------------------------------------------
data required time                                                        10.000
data arrival time                                                         -1.192
--------------------------------------------------------------------------------
slack (MET)                                                                8.808


#Path 19
Startpoint: tin_pv1_3_3_.inpad[0] (.input clocked by pclk)
Endpoint  : out:pv1_3_3_.outpad[0] (.output clocked by pclk)
Path Type : setup

Point                                                             Incr      Path
--------------------------------------------------------------------------------
clock pclk (rise edge)                                           0.000     0.000
clock source latency                                             0.000     0.000
input external delay                                             0.000     0.000
tin_pv1_3_3_.inpad[0] (.input)                                   0.000     0.000
pv1_3_3_.in[0] (.names)                                          0.331     0.331
pv1_3_3_.out[0] (.names)                                         0.235     0.566
out:pv1_3_3_.outpad[0] (.output)                                 0.615     1.181
data arrival time                                                          1.181

clock pclk (rise edge)                                          10.000    10.000
clock source latency                                             0.000    10.000
clock uncertainty                                                0.000    10.000
output external delay                                            0.000    10.000
data required time                                                        10.000
--------------------------------------------------------------------------------
data required time                                                        10.000
data arrival time                                                         -1.181
--------------------------------------------------------------------------------
slack (MET)                                                                8.819


#Path 20
Startpoint: tin_pready_0_0_.inpad[0] (.input clocked by pclk)
Endpoint  : out:pready_0_0_.outpad[0] (.output clocked by pclk)
Path Type : setup

Point                                                             Incr      Path
--------------------------------------------------------------------------------
clock pclk (rise edge)                                           0.000     0.000
clock source latency                                             0.000     0.000
input external delay                                             0.000     0.000
tin_pready_0_0_.inpad[0] (.input)                                0.000     0.000
pready_0_0_.in[0] (.names)                                       0.439     0.439
pready_0_0_.out[0] (.names)                                      0.235     0.674
out:pready_0_0_.outpad[0] (.output)                              0.497     1.170
data arrival time                                                          1.170

clock pclk (rise edge)                                          10.000    10.000
clock source latency                                             0.000    10.000
clock uncertainty                                                0.000    10.000
output external delay                                            0.000    10.000
data required time                                                        10.000
--------------------------------------------------------------------------------
data required time                                                        10.000
data arrival time                                                         -1.170
--------------------------------------------------------------------------------
slack (MET)                                                                8.830


#Path 21
Startpoint: tin_pv6_4_4_.inpad[0] (.input clocked by pclk)
Endpoint  : out:pv6_4_4_.outpad[0] (.output clocked by pclk)
Path Type : setup

Point                                                             Incr      Path
--------------------------------------------------------------------------------
clock pclk (rise edge)                                           0.000     0.000
clock source latency                                             0.000     0.000
input external delay                                             0.000     0.000
tin_pv6_4_4_.inpad[0] (.input)                                   0.000     0.000
pv6_4_4_.in[0] (.names)                                          0.430     0.430
pv6_4_4_.out[0] (.names)                                         0.235     0.665
out:pv6_4_4_.outpad[0] (.output)                                 0.501     1.166
data arrival time                                                          1.166

clock pclk (rise edge)                                          10.000    10.000
clock source latency                                             0.000    10.000
clock uncertainty                                                0.000    10.000
output external delay                                            0.000    10.000
data required time                                                        10.000
--------------------------------------------------------------------------------
data required time                                                        10.000
data arrival time                                                         -1.166
--------------------------------------------------------------------------------
slack (MET)                                                                8.834


#Path 22
Startpoint: tin_pv4_5_5_.inpad[0] (.input clocked by pclk)
Endpoint  : out:pv4_5_5_.outpad[0] (.output clocked by pclk)
Path Type : setup

Point                                                             Incr      Path
--------------------------------------------------------------------------------
clock pclk (rise edge)                                           0.000     0.000
clock source latency                                             0.000     0.000
input external delay                                             0.000     0.000
tin_pv4_5_5_.inpad[0] (.input)                                   0.000     0.000
pv4_5_5_.in[0] (.names)                                          0.473     0.473
pv4_5_5_.out[0] (.names)                                         0.235     0.708
out:pv4_5_5_.outpad[0] (.output)                                 0.456     1.164
data arrival time                                                          1.164

clock pclk (rise edge)                                          10.000    10.000
clock source latency                                             0.000    10.000
clock uncertainty                                                0.000    10.000
output external delay                                            0.000    10.000
data required time                                                        10.000
--------------------------------------------------------------------------------
data required time                                                        10.000
data arrival time                                                         -1.164
--------------------------------------------------------------------------------
slack (MET)                                                                8.836


#Path 23
Startpoint: tin_pv11_6_6_.inpad[0] (.input clocked by pclk)
Endpoint  : out:pv11_6_6_.outpad[0] (.output clocked by pclk)
Path Type : setup

Point                                                             Incr      Path
--------------------------------------------------------------------------------
clock pclk (rise edge)                                           0.000     0.000
clock source latency                                             0.000     0.000
input external delay                                             0.000     0.000
tin_pv11_6_6_.inpad[0] (.input)                                  0.000     0.000
pv11_6_6_.in[0] (.names)                                         0.503     0.503
pv11_6_6_.out[0] (.names)                                        0.235     0.738
out:pv11_6_6_.outpad[0] (.output)                                0.426     1.164
data arrival time                                                          1.164

clock pclk (rise edge)                                          10.000    10.000
clock source latency                                             0.000    10.000
clock uncertainty                                                0.000    10.000
output external delay                                            0.000    10.000
data required time                                                        10.000
--------------------------------------------------------------------------------
data required time                                                        10.000
data arrival time                                                         -1.164
--------------------------------------------------------------------------------
slack (MET)                                                                8.836


#Path 24
Startpoint: tin_pv10_1_1_.inpad[0] (.input clocked by pclk)
Endpoint  : out:pv10_1_1_.outpad[0] (.output clocked by pclk)
Path Type : setup

Point                                                             Incr      Path
--------------------------------------------------------------------------------
clock pclk (rise edge)                                           0.000     0.000
clock source latency                                             0.000     0.000
input external delay                                             0.000     0.000
tin_pv10_1_1_.inpad[0] (.input)                                  0.000     0.000
pv10_1_1_.in[0] (.names)                                         0.426     0.426
pv10_1_1_.out[0] (.names)                                        0.235     0.661
out:pv10_1_1_.outpad[0] (.output)                                0.503     1.164
data arrival time                                                          1.164

clock pclk (rise edge)                                          10.000    10.000
clock source latency                                             0.000    10.000
clock uncertainty                                                0.000    10.000
output external delay                                            0.000    10.000
data required time                                                        10.000
--------------------------------------------------------------------------------
data required time                                                        10.000
data arrival time                                                         -1.164
--------------------------------------------------------------------------------
slack (MET)                                                                8.836


#Path 25
Startpoint: tin_pv6_3_3_.inpad[0] (.input clocked by pclk)
Endpoint  : out:pv6_3_3_.outpad[0] (.output clocked by pclk)
Path Type : setup

Point                                                             Incr      Path
--------------------------------------------------------------------------------
clock pclk (rise edge)                                           0.000     0.000
clock source latency                                             0.000     0.000
input external delay                                             0.000     0.000
tin_pv6_3_3_.inpad[0] (.input)                                   0.000     0.000
pv6_3_3_.in[0] (.names)                                          0.353     0.353
pv6_3_3_.out[0] (.names)                                         0.235     0.588
out:pv6_3_3_.outpad[0] (.output)                                 0.554     1.142
data arrival time                                                          1.142

clock pclk (rise edge)                                          10.000    10.000
clock source latency                                             0.000    10.000
clock uncertainty                                                0.000    10.000
output external delay                                            0.000    10.000
data required time                                                        10.000
--------------------------------------------------------------------------------
data required time                                                        10.000
data arrival time                                                         -1.142
--------------------------------------------------------------------------------
slack (MET)                                                                8.858


#Path 26
Startpoint: tin_pv4_7_7_.inpad[0] (.input clocked by pclk)
Endpoint  : out:pv4_7_7_.outpad[0] (.output clocked by pclk)
Path Type : setup

Point                                                             Incr      Path
--------------------------------------------------------------------------------
clock pclk (rise edge)                                           0.000     0.000
clock source latency                                             0.000     0.000
input external delay                                             0.000     0.000
tin_pv4_7_7_.inpad[0] (.input)                                   0.000     0.000
pv4_7_7_.in[0] (.names)                                          0.403     0.403
pv4_7_7_.out[0] (.names)                                         0.235     0.638
out:pv4_7_7_.outpad[0] (.output)                                 0.485     1.124
data arrival time                                                          1.124

clock pclk (rise edge)                                          10.000    10.000
clock source latency                                             0.000    10.000
clock uncertainty                                                0.000    10.000
output external delay                                            0.000    10.000
data required time                                                        10.000
--------------------------------------------------------------------------------
data required time                                                        10.000
data arrival time                                                         -1.124
--------------------------------------------------------------------------------
slack (MET)                                                                8.876


#Path 27
Startpoint: tin_pv10_4_4_.inpad[0] (.input clocked by pclk)
Endpoint  : out:pv10_4_4_.outpad[0] (.output clocked by pclk)
Path Type : setup

Point                                                             Incr      Path
--------------------------------------------------------------------------------
clock pclk (rise edge)                                           0.000     0.000
clock source latency                                             0.000     0.000
input external delay                                             0.000     0.000
tin_pv10_4_4_.inpad[0] (.input)                                  0.000     0.000
pv10_4_4_.in[0] (.names)                                         0.505     0.505
pv10_4_4_.out[0] (.names)                                        0.235     0.740
out:pv10_4_4_.outpad[0] (.output)                                0.379     1.119
data arrival time                                                          1.119

clock pclk (rise edge)                                          10.000    10.000
clock source latency                                             0.000    10.000
clock uncertainty                                                0.000    10.000
output external delay                                            0.000    10.000
data required time                                                        10.000
--------------------------------------------------------------------------------
data required time                                                        10.000
data arrival time                                                         -1.119
--------------------------------------------------------------------------------
slack (MET)                                                                8.881


#Path 28
Startpoint: tin_pv10_6_6_.inpad[0] (.input clocked by pclk)
Endpoint  : out:pv10_6_6_.outpad[0] (.output clocked by pclk)
Path Type : setup

Point                                                             Incr      Path
--------------------------------------------------------------------------------
clock pclk (rise edge)                                           0.000     0.000
clock source latency                                             0.000     0.000
input external delay                                             0.000     0.000
tin_pv10_6_6_.inpad[0] (.input)                                  0.000     0.000
pv10_6_6_.in[0] (.names)                                         0.502     0.502
pv10_6_6_.out[0] (.names)                                        0.235     0.737
out:pv10_6_6_.outpad[0] (.output)                                0.357     1.094
data arrival time                                                          1.094

clock pclk (rise edge)                                          10.000    10.000
clock source latency                                             0.000    10.000
clock uncertainty                                                0.000    10.000
output external delay                                            0.000    10.000
data required time                                                        10.000
--------------------------------------------------------------------------------
data required time                                                        10.000
data arrival time                                                         -1.094
--------------------------------------------------------------------------------
slack (MET)                                                                8.906


#Path 29
Startpoint: tin_pv2_0_0_.inpad[0] (.input clocked by pclk)
Endpoint  : out:pv2_0_0_.outpad[0] (.output clocked by pclk)
Path Type : setup

Point                                                             Incr      Path
--------------------------------------------------------------------------------
clock pclk (rise edge)                                           0.000     0.000
clock source latency                                             0.000     0.000
input external delay                                             0.000     0.000
tin_pv2_0_0_.inpad[0] (.input)                                   0.000     0.000
pv2_0_0_.in[0] (.names)                                          0.502     0.502
pv2_0_0_.out[0] (.names)                                         0.235     0.737
out:pv2_0_0_.outpad[0] (.output)                                 0.352     1.089
data arrival time                                                          1.089

clock pclk (rise edge)                                          10.000    10.000
clock source latency                                             0.000    10.000
clock uncertainty                                                0.000    10.000
output external delay                                            0.000    10.000
data required time                                                        10.000
--------------------------------------------------------------------------------
data required time                                                        10.000
data arrival time                                                         -1.089
--------------------------------------------------------------------------------
slack (MET)                                                                8.911


#Path 30
Startpoint: tin_pv6_6_6_.inpad[0] (.input clocked by pclk)
Endpoint  : out:pv6_6_6_.outpad[0] (.output clocked by pclk)
Path Type : setup

Point                                                             Incr      Path
--------------------------------------------------------------------------------
clock pclk (rise edge)                                           0.000     0.000
clock source latency                                             0.000     0.000
input external delay                                             0.000     0.000
tin_pv6_6_6_.inpad[0] (.input)                                   0.000     0.000
pv6_6_6_.in[0] (.names)                                          0.478     0.478
pv6_6_6_.out[0] (.names)                                         0.235     0.713
out:pv6_6_6_.outpad[0] (.output)                                 0.356     1.068
data arrival time                                                          1.068

clock pclk (rise edge)                                          10.000    10.000
clock source latency                                             0.000    10.000
clock uncertainty                                                0.000    10.000
output external delay                                            0.000    10.000
data required time                                                        10.000
--------------------------------------------------------------------------------
data required time                                                        10.000
data arrival time                                                         -1.068
--------------------------------------------------------------------------------
slack (MET)                                                                8.932


#Path 31
Startpoint: tin_pv2_5_5_.inpad[0] (.input clocked by pclk)
Endpoint  : out:pv2_5_5_.outpad[0] (.output clocked by pclk)
Path Type : setup

Point                                                             Incr      Path
--------------------------------------------------------------------------------
clock pclk (rise edge)                                           0.000     0.000
clock source latency                                             0.000     0.000
input external delay                                             0.000     0.000
tin_pv2_5_5_.inpad[0] (.input)                                   0.000     0.000
pv2_5_5_.in[0] (.names)                                          0.479     0.479
pv2_5_5_.out[0] (.names)                                         0.235     0.714
out:pv2_5_5_.outpad[0] (.output)                                 0.354     1.068
data arrival time                                                          1.068

clock pclk (rise edge)                                          10.000    10.000
clock source latency                                             0.000    10.000
clock uncertainty                                                0.000    10.000
output external delay                                            0.000    10.000
data required time                                                        10.000
--------------------------------------------------------------------------------
data required time                                                        10.000
data arrival time                                                         -1.068
--------------------------------------------------------------------------------
slack (MET)                                                                8.932


#Path 32
Startpoint: tin_pv10_2_2_.inpad[0] (.input clocked by pclk)
Endpoint  : out:pv10_2_2_.outpad[0] (.output clocked by pclk)
Path Type : setup

Point                                                             Incr      Path
--------------------------------------------------------------------------------
clock pclk (rise edge)                                           0.000     0.000
clock source latency                                             0.000     0.000
input external delay                                             0.000     0.000
tin_pv10_2_2_.inpad[0] (.input)                                  0.000     0.000
pv10_2_2_.in[0] (.names)                                         0.453     0.453
pv10_2_2_.out[0] (.names)                                        0.235     0.688
out:pv10_2_2_.outpad[0] (.output)                                0.378     1.066
data arrival time                                                          1.066

clock pclk (rise edge)                                          10.000    10.000
clock source latency                                             0.000    10.000
clock uncertainty                                                0.000    10.000
output external delay                                            0.000    10.000
data required time                                                        10.000
--------------------------------------------------------------------------------
data required time                                                        10.000
data arrival time                                                         -1.066
--------------------------------------------------------------------------------
slack (MET)                                                                8.934


#Path 33
Startpoint: tin_pv1_7_7_.inpad[0] (.input clocked by pclk)
Endpoint  : out:pv1_7_7_.outpad[0] (.output clocked by pclk)
Path Type : setup

Point                                                             Incr      Path
--------------------------------------------------------------------------------
clock pclk (rise edge)                                           0.000     0.000
clock source latency                                             0.000     0.000
input external delay                                             0.000     0.000
tin_pv1_7_7_.inpad[0] (.input)                                   0.000     0.000
pv1_7_7_.in[0] (.names)                                          0.477     0.477
pv1_7_7_.out[0] (.names)                                         0.235     0.712
out:pv1_7_7_.outpad[0] (.output)                                 0.353     1.064
data arrival time                                                          1.064

clock pclk (rise edge)                                          10.000    10.000
clock source latency                                             0.000    10.000
clock uncertainty                                                0.000    10.000
output external delay                                            0.000    10.000
data required time                                                        10.000
--------------------------------------------------------------------------------
data required time                                                        10.000
data arrival time                                                         -1.064
--------------------------------------------------------------------------------
slack (MET)                                                                8.936


#Path 34
Startpoint: tin_pv1_2_2_.inpad[0] (.input clocked by pclk)
Endpoint  : out:pv1_2_2_.outpad[0] (.output clocked by pclk)
Path Type : setup

Point                                                             Incr      Path
--------------------------------------------------------------------------------
clock pclk (rise edge)                                           0.000     0.000
clock source latency                                             0.000     0.000
input external delay                                             0.000     0.000
tin_pv1_2_2_.inpad[0] (.input)                                   0.000     0.000
pv1_2_2_.in[0] (.names)                                          0.353     0.353
pv1_2_2_.out[0] (.names)                                         0.235     0.588
out:pv1_2_2_.outpad[0] (.output)                                 0.475     1.064
data arrival time                                                          1.064

clock pclk (rise edge)                                          10.000    10.000
clock source latency                                             0.000    10.000
clock uncertainty                                                0.000    10.000
output external delay                                            0.000    10.000
data required time                                                        10.000
--------------------------------------------------------------------------------
data required time                                                        10.000
data arrival time                                                         -1.064
--------------------------------------------------------------------------------
slack (MET)                                                                8.936


#Path 35
Startpoint: tin_pv4_2_2_.inpad[0] (.input clocked by pclk)
Endpoint  : out:pv4_2_2_.outpad[0] (.output clocked by pclk)
Path Type : setup

Point                                                             Incr      Path
--------------------------------------------------------------------------------
clock pclk (rise edge)                                           0.000     0.000
clock source latency                                             0.000     0.000
input external delay                                             0.000     0.000
tin_pv4_2_2_.inpad[0] (.input)                                   0.000     0.000
pv4_2_2_.in[0] (.names)                                          0.354     0.354
pv4_2_2_.out[0] (.names)                                         0.235     0.589
out:pv4_2_2_.outpad[0] (.output)                                 0.474     1.063
data arrival time                                                          1.063

clock pclk (rise edge)                                          10.000    10.000
clock source latency                                             0.000    10.000
clock uncertainty                                                0.000    10.000
output external delay                                            0.000    10.000
data required time                                                        10.000
--------------------------------------------------------------------------------
data required time                                                        10.000
data arrival time                                                         -1.063
--------------------------------------------------------------------------------
slack (MET)                                                                8.937


#Path 36
Startpoint: tin_pv6_2_2_.inpad[0] (.input clocked by pclk)
Endpoint  : out:pv6_2_2_.outpad[0] (.output clocked by pclk)
Path Type : setup

Point                                                             Incr      Path
--------------------------------------------------------------------------------
clock pclk (rise edge)                                           0.000     0.000
clock source latency                                             0.000     0.000
input external delay                                             0.000     0.000
tin_pv6_2_2_.inpad[0] (.input)                                   0.000     0.000
pv6_2_2_.in[0] (.names)                                          0.354     0.354
pv6_2_2_.out[0] (.names)                                         0.235     0.589
out:pv6_2_2_.outpad[0] (.output)                                 0.455     1.044
data arrival time                                                          1.044

clock pclk (rise edge)                                          10.000    10.000
clock source latency                                             0.000    10.000
clock uncertainty                                                0.000    10.000
output external delay                                            0.000    10.000
data required time                                                        10.000
--------------------------------------------------------------------------------
data required time                                                        10.000
data arrival time                                                         -1.044
--------------------------------------------------------------------------------
slack (MET)                                                                8.956


#Path 37
Startpoint: tin_pv10_0_0_.inpad[0] (.input clocked by pclk)
Endpoint  : out:pv10_0_0_.outpad[0] (.output clocked by pclk)
Path Type : setup

Point                                                             Incr      Path
--------------------------------------------------------------------------------
clock pclk (rise edge)                                           0.000     0.000
clock source latency                                             0.000     0.000
input external delay                                             0.000     0.000
tin_pv10_0_0_.inpad[0] (.input)                                  0.000     0.000
pv10_0_0_.in[0] (.names)                                         0.452     0.452
pv10_0_0_.out[0] (.names)                                        0.235     0.687
out:pv10_0_0_.outpad[0] (.output)                                0.357     1.043
data arrival time                                                          1.043

clock pclk (rise edge)                                          10.000    10.000
clock source latency                                             0.000    10.000
clock uncertainty                                                0.000    10.000
output external delay                                            0.000    10.000
data required time                                                        10.000
--------------------------------------------------------------------------------
data required time                                                        10.000
data arrival time                                                         -1.043
--------------------------------------------------------------------------------
slack (MET)                                                                8.957


#Path 38
Startpoint: tin_pv2_4_4_.inpad[0] (.input clocked by pclk)
Endpoint  : out:pv2_4_4_.outpad[0] (.output clocked by pclk)
Path Type : setup

Point                                                             Incr      Path
--------------------------------------------------------------------------------
clock pclk (rise edge)                                           0.000     0.000
clock source latency                                             0.000     0.000
input external delay                                             0.000     0.000
tin_pv2_4_4_.inpad[0] (.input)                                   0.000     0.000
pv2_4_4_.in[0] (.names)                                          0.453     0.453
pv2_4_4_.out[0] (.names)                                         0.235     0.688
out:pv2_4_4_.outpad[0] (.output)                                 0.350     1.038
data arrival time                                                          1.038

clock pclk (rise edge)                                          10.000    10.000
clock source latency                                             0.000    10.000
clock uncertainty                                                0.000    10.000
output external delay                                            0.000    10.000
data required time                                                        10.000
--------------------------------------------------------------------------------
data required time                                                        10.000
data arrival time                                                         -1.038
--------------------------------------------------------------------------------
slack (MET)                                                                8.962


#Path 39
Startpoint: tin_pv2_2_2_.inpad[0] (.input clocked by pclk)
Endpoint  : out:pv2_2_2_.outpad[0] (.output clocked by pclk)
Path Type : setup

Point                                                             Incr      Path
--------------------------------------------------------------------------------
clock pclk (rise edge)                                           0.000     0.000
clock source latency                                             0.000     0.000
input external delay                                             0.000     0.000
tin_pv2_2_2_.inpad[0] (.input)                                   0.000     0.000
pv2_2_2_.in[0] (.names)                                          0.355     0.355
pv2_2_2_.out[0] (.names)                                         0.235     0.590
out:pv2_2_2_.outpad[0] (.output)                                 0.432     1.022
data arrival time                                                          1.022

clock pclk (rise edge)                                          10.000    10.000
clock source latency                                             0.000    10.000
clock uncertainty                                                0.000    10.000
output external delay                                            0.000    10.000
data required time                                                        10.000
--------------------------------------------------------------------------------
data required time                                                        10.000
data arrival time                                                         -1.022
--------------------------------------------------------------------------------
slack (MET)                                                                8.978


#Path 40
Startpoint: tin_pv11_3_3_.inpad[0] (.input clocked by pclk)
Endpoint  : out:pv11_3_3_.outpad[0] (.output clocked by pclk)
Path Type : setup

Point                                                             Incr      Path
--------------------------------------------------------------------------------
clock pclk (rise edge)                                           0.000     0.000
clock source latency                                             0.000     0.000
input external delay                                             0.000     0.000
tin_pv11_3_3_.inpad[0] (.input)                                  0.000     0.000
pv11_3_3_.in[0] (.names)                                         0.331     0.331
pv11_3_3_.out[0] (.names)                                        0.235     0.566
out:pv11_3_3_.outpad[0] (.output)                                0.454     1.020
data arrival time                                                          1.020

clock pclk (rise edge)                                          10.000    10.000
clock source latency                                             0.000    10.000
clock uncertainty                                                0.000    10.000
output external delay                                            0.000    10.000
data required time                                                        10.000
--------------------------------------------------------------------------------
data required time                                                        10.000
data arrival time                                                         -1.020
--------------------------------------------------------------------------------
slack (MET)                                                                8.980


#Path 41
Startpoint: tin_pv11_4_4_.inpad[0] (.input clocked by pclk)
Endpoint  : out:pv11_4_4_.outpad[0] (.output clocked by pclk)
Path Type : setup

Point                                                             Incr      Path
--------------------------------------------------------------------------------
clock pclk (rise edge)                                           0.000     0.000
clock source latency                                             0.000     0.000
input external delay                                             0.000     0.000
tin_pv11_4_4_.inpad[0] (.input)                                  0.000     0.000
pv11_4_4_.in[0] (.names)                                         0.330     0.330
pv11_4_4_.out[0] (.names)                                        0.235     0.565
out:pv11_4_4_.outpad[0] (.output)                                0.454     1.020
data arrival time                                                          1.020

clock pclk (rise edge)                                          10.000    10.000
clock source latency                                             0.000    10.000
clock uncertainty                                                0.000    10.000
output external delay                                            0.000    10.000
data required time                                                        10.000
--------------------------------------------------------------------------------
data required time                                                        10.000
data arrival time                                                         -1.020
--------------------------------------------------------------------------------
slack (MET)                                                                8.980


#Path 42
Startpoint: tin_pv1_1_1_.inpad[0] (.input clocked by pclk)
Endpoint  : out:pv1_1_1_.outpad[0] (.output clocked by pclk)
Path Type : setup

Point                                                             Incr      Path
--------------------------------------------------------------------------------
clock pclk (rise edge)                                           0.000     0.000
clock source latency                                             0.000     0.000
input external delay                                             0.000     0.000
tin_pv1_1_1_.inpad[0] (.input)                                   0.000     0.000
pv1_1_1_.in[0] (.names)                                          0.331     0.331
pv1_1_1_.out[0] (.names)                                         0.235     0.566
out:pv1_1_1_.outpad[0] (.output)                                 0.421     0.987
data arrival time                                                          0.987

clock pclk (rise edge)                                          10.000    10.000
clock source latency                                             0.000    10.000
clock uncertainty                                                0.000    10.000
output external delay                                            0.000    10.000
data required time                                                        10.000
--------------------------------------------------------------------------------
data required time                                                        10.000
data arrival time                                                         -0.987
--------------------------------------------------------------------------------
slack (MET)                                                                9.013


#Path 43
Startpoint: tin_pv2_1_1_.inpad[0] (.input clocked by pclk)
Endpoint  : out:pv2_1_1_.outpad[0] (.output clocked by pclk)
Path Type : setup

Point                                                             Incr      Path
--------------------------------------------------------------------------------
clock pclk (rise edge)                                           0.000     0.000
clock source latency                                             0.000     0.000
input external delay                                             0.000     0.000
tin_pv2_1_1_.inpad[0] (.input)                                   0.000     0.000
pv2_1_1_.in[0] (.names)                                          0.356     0.356
pv2_1_1_.out[0] (.names)                                         0.235     0.591
out:pv2_1_1_.outpad[0] (.output)                                 0.332     0.923
data arrival time                                                          0.923

clock pclk (rise edge)                                          10.000    10.000
clock source latency                                             0.000    10.000
clock uncertainty                                                0.000    10.000
output external delay                                            0.000    10.000
data required time                                                        10.000
--------------------------------------------------------------------------------
data required time                                                        10.000
data arrival time                                                         -0.923
--------------------------------------------------------------------------------
slack (MET)                                                                9.077


#Path 44
Startpoint: tin_pv1_5_5_.inpad[0] (.input clocked by pclk)
Endpoint  : out:pv1_5_5_.outpad[0] (.output clocked by pclk)
Path Type : setup

Point                                                             Incr      Path
--------------------------------------------------------------------------------
clock pclk (rise edge)                                           0.000     0.000
clock source latency                                             0.000     0.000
input external delay                                             0.000     0.000
tin_pv1_5_5_.inpad[0] (.input)                                   0.000     0.000
pv1_5_5_.in[0] (.names)                                          0.354     0.354
pv1_5_5_.out[0] (.names)                                         0.235     0.589
out:pv1_5_5_.outpad[0] (.output)                                 0.331     0.920
data arrival time                                                          0.920

clock pclk (rise edge)                                          10.000    10.000
clock source latency                                             0.000    10.000
clock uncertainty                                                0.000    10.000
output external delay                                            0.000    10.000
data required time                                                        10.000
--------------------------------------------------------------------------------
data required time                                                        10.000
data arrival time                                                         -0.920
--------------------------------------------------------------------------------
slack (MET)                                                                9.080


#Path 45
Startpoint: tin_pv11_2_2_.inpad[0] (.input clocked by pclk)
Endpoint  : out:pv11_2_2_.outpad[0] (.output clocked by pclk)
Path Type : setup

Point                                                             Incr      Path
--------------------------------------------------------------------------------
clock pclk (rise edge)                                           0.000     0.000
clock source latency                                             0.000     0.000
input external delay                                             0.000     0.000
tin_pv11_2_2_.inpad[0] (.input)                                  0.000     0.000
pv11_2_2_.in[0] (.names)                                         0.432     0.432
pv11_2_2_.out[0] (.names)                                        0.235     0.667
out:pv11_2_2_.outpad[0] (.output)                                0.209     0.877
data arrival time                                                          0.877

clock pclk (rise edge)                                          10.000    10.000
clock source latency                                             0.000    10.000
clock uncertainty                                                0.000    10.000
output external delay                                            0.000    10.000
data required time                                                        10.000
--------------------------------------------------------------------------------
data required time                                                        10.000
data arrival time                                                         -0.877
--------------------------------------------------------------------------------
slack (MET)                                                                9.123


#Path 46
Startpoint: tin_pv6_7_7_.inpad[0] (.input clocked by pclk)
Endpoint  : out:pv6_7_7_.outpad[0] (.output clocked by pclk)
Path Type : setup

Point                                                             Incr      Path
--------------------------------------------------------------------------------
clock pclk (rise edge)                                           0.000     0.000
clock source latency                                             0.000     0.000
input external delay                                             0.000     0.000
tin_pv6_7_7_.inpad[0] (.input)                                   0.000     0.000
pv6_7_7_.in[0] (.names)                                          0.353     0.353
pv6_7_7_.out[0] (.names)                                         0.235     0.588
out:pv6_7_7_.outpad[0] (.output)                                 0.254     0.842
data arrival time                                                          0.842

clock pclk (rise edge)                                          10.000    10.000
clock source latency                                             0.000    10.000
clock uncertainty                                                0.000    10.000
output external delay                                            0.000    10.000
data required time                                                        10.000
--------------------------------------------------------------------------------
data required time                                                        10.000
data arrival time                                                         -0.842
--------------------------------------------------------------------------------
slack (MET)                                                                9.158


#Path 47
Startpoint: tin_pv6_0_0_.inpad[0] (.input clocked by pclk)
Endpoint  : out:pv6_0_0_.outpad[0] (.output clocked by pclk)
Path Type : setup

Point                                                             Incr      Path
--------------------------------------------------------------------------------
clock pclk (rise edge)                                           0.000     0.000
clock source latency                                             0.000     0.000
input external delay                                             0.000     0.000
tin_pv6_0_0_.inpad[0] (.input)                                   0.000     0.000
pv6_0_0_.in[0] (.names)                                          0.308     0.308
pv6_0_0_.out[0] (.names)                                         0.235     0.543
out:pv6_0_0_.outpad[0] (.output)                                 0.287     0.830
data arrival time                                                          0.830

clock pclk (rise edge)                                          10.000    10.000
clock source latency                                             0.000    10.000
clock uncertainty                                                0.000    10.000
output external delay                                            0.000    10.000
data required time                                                        10.000
--------------------------------------------------------------------------------
data required time                                                        10.000
data arrival time                                                         -0.830
--------------------------------------------------------------------------------
slack (MET)                                                                9.170


#Path 48
Startpoint: tin_pv4_1_1_.inpad[0] (.input clocked by pclk)
Endpoint  : out:pv4_1_1_.outpad[0] (.output clocked by pclk)
Path Type : setup

Point                                                             Incr      Path
--------------------------------------------------------------------------------
clock pclk (rise edge)                                           0.000     0.000
clock source latency                                             0.000     0.000
input external delay                                             0.000     0.000
tin_pv4_1_1_.inpad[0] (.input)                                   0.000     0.000
pv4_1_1_.in[0] (.names)                                          0.331     0.331
pv4_1_1_.out[0] (.names)                                         0.235     0.566
out:pv4_1_1_.outpad[0] (.output)                                 0.232     0.798
data arrival time                                                          0.798

clock pclk (rise edge)                                          10.000    10.000
clock source latency                                             0.000    10.000
clock uncertainty                                                0.000    10.000
output external delay                                            0.000    10.000
data required time                                                        10.000
--------------------------------------------------------------------------------
data required time                                                        10.000
data arrival time                                                         -0.798
--------------------------------------------------------------------------------
slack (MET)                                                                9.202


#Path 49
Startpoint: tin_pv6_1_1_.inpad[0] (.input clocked by pclk)
Endpoint  : out:pv6_1_1_.outpad[0] (.output clocked by pclk)
Path Type : setup

Point                                                             Incr      Path
--------------------------------------------------------------------------------
clock pclk (rise edge)                                           0.000     0.000
clock source latency                                             0.000     0.000
input external delay                                             0.000     0.000
tin_pv6_1_1_.inpad[0] (.input)                                   0.000     0.000
pv6_1_1_.in[0] (.names)                                          0.308     0.308
pv6_1_1_.out[0] (.names)                                         0.235     0.543
out:pv6_1_1_.outpad[0] (.output)                                 0.255     0.797
data arrival time                                                          0.797

clock pclk (rise edge)                                          10.000    10.000
clock source latency                                             0.000    10.000
clock uncertainty                                                0.000    10.000
output external delay                                            0.000    10.000
data required time                                                        10.000
--------------------------------------------------------------------------------
data required time                                                        10.000
data arrival time                                                         -0.797
--------------------------------------------------------------------------------
slack (MET)                                                                9.203


#End of timing report
