/usr/bin/env time -v /home/kunalg123/Desktop/vtr-verilog-to-routing/ODIN_II/odin_II --adder_type default --elaborator odin -U0 -c odin_config.xml
=======================================================================
 Odin II - Verilog synthesis tools targetting VPR FPGAs
-----------------------------------------------------------------------
	Version: 8.1.0-dev+220fa98c0
	Revision: v8.0.0-5289-g220fa98c0
	Compiled: 2022-03-13T10:00:17
	Compiler: GNU 7.5.0 on Linux-4.15.0-167-generic x86_64
	Build Info: release IPO VTR_ASSERT_LEVEL=2

University of New Brunswick
For documentation:
  https://docs.verilogtorouting.org/en/latest/odin
For question:
  vtr-users@googlegroups.com

This is free open source code under MIT license.
=======================================================================

Reading Configuration file
Architecture: EArch.xml
Reading FPGA Architecture file
Using Lut input width of: 4
--------------------------------------------------------------------
High-level Synthesis Begin
Parser starting - we'll create an abstract syntax tree. Note this tree can be viewed using Grap Viz (see documentation)
Adding file blink.v to parse list
Optimizing module by AST based optimizations
Converting AST into a Netlist. Note this netlist can be viewed using GraphViz (see documentation)
==========================
Detected Top Level Module: 	blink
==========================

Elaboration Time: 0.7ms
--------------------------------------------------------------------
Successful Elaboration of the design by Odin-II
Performing Optimization on the Netlist

Optimization Time: 0.2ms
--------------------------------------------------------------------
Successful Optimization of netlist by Odin-II
Performing Partial Technology Mapping to the target device

Techmap Time: 0.1ms
--------------------------------------------------------------------
Successful Partial Technology Mapping by Odin-II
Outputting the netlist to the specified output format

Hard Multiplier Distribution
============================


Total # of multipliers = 0

Hard adder Distribution
============================


Total # of chains = 1

Hard adder chain Details
============================


The Number of Hard Block adders in the Longest Chain: 6


The Total Number of Hard Block adders: 6


Geometric mean adder/subtractor chain length: 6.00

Hard MINUS Distribution
============================


Total # of chains = 0

Hard sub chain Details
============================


The Number of Hard Block subs in the Longest Chain: 0


The Total Number of Hard Block subs: 0

	==== Stats ====
Number of <FF_NODE> node:                 5
Number of <INPUT_NODE> node:              1
Number of <OUTPUT_NODE> node:             1
Number of <CLOCK_NODE> node:              1
Number of <ADD> node:                     6
Number of <LOGICAL_NOT> node:             2
Number of <LOGICAL_OR> node:              5
Number of <LOGICAL_XOR> node:             4
Number of <MUX_2> node:                   6
Number of <GENERIC> node:                 22
Total estimated number of lut:            24
Total number of node:                     34
Longest path:                             19
Average path:                             5

	BLIF file available at blink.odin.blif

Total Synthesis Time: 1.0ms
--------------------------------------------------------------------
Odin_II synthesis has finished with code: 0

--------------------------------------------------------------------
Total time: 15.5ms
Odin ran with exit status: 0
Odin II took 0.02 seconds (max_rss 5.5 MiB)
	Command being timed: "/home/kunalg123/Desktop/vtr-verilog-to-routing/ODIN_II/odin_II --adder_type default --elaborator odin -U0 -c odin_config.xml"
	User time (seconds): 0.01
	System time (seconds): 0.00
	Percent of CPU this job got: 88%
	Elapsed (wall clock) time (h:mm:ss or m:ss): 0:00.01
	Average shared text size (kbytes): 0
	Average unshared data size (kbytes): 0
	Average stack size (kbytes): 0
	Average total size (kbytes): 0
	Maximum resident set size (kbytes): 6240
	Average resident set size (kbytes): 0
	Major (requiring I/O) page faults: 0
	Minor (reclaiming a frame) page faults: 366
	Voluntary context switches: 1
	Involuntary context switches: 5
	Swaps: 0
	File system inputs: 0
	File system outputs: 32
	Socket messages sent: 0
	Socket messages received: 0
	Signals delivered: 0
	Page size (bytes): 4096
	Exit status: 0
