/usr/bin/env time -v /home/kunalg123/Desktop/vtr-verilog-to-routing/ace2/ace -b counter.abc.blif -c up_counter^clk -n counter.raw.ace.blif -o counter.act -s 1
Hierarchy reader converted 5 instances of blackboxes.
Objects in network: 51
PIs in network: 13
POs in network: 15
Nodes in network: 11
Latches in network: 4
Max Depth: 1
Input activities will be assumed (0.500000, 0.200000, 0.200000)...
Clock detected: up_counter^clk
Name Manager Entries: 48
4/4 latches are part of cycle(s)
Stage 1: Simulating Probabilities...
Stage 2: Computing Probabilities...
Stage 3: Computing Register Output Activities...
Stage 4: Computing Switching Activities...
Hierarchy writer reintroduced 5 instances of blackboxes.
Done
Ace took 0.09 seconds (max_rss 51.1 MiB)
	Command being timed: "/home/kunalg123/Desktop/vtr-verilog-to-routing/ace2/ace -b counter.abc.blif -c up_counter^clk -n counter.raw.ace.blif -o counter.act -s 1"
	User time (seconds): 0.07
	System time (seconds): 0.02
	Percent of CPU this job got: 96%
	Elapsed (wall clock) time (h:mm:ss or m:ss): 0:00.09
	Average shared text size (kbytes): 0
	Average unshared data size (kbytes): 0
	Average stack size (kbytes): 0
	Average total size (kbytes): 0
	Maximum resident set size (kbytes): 52316
	Average resident set size (kbytes): 0
	Major (requiring I/O) page faults: 0
	Minor (reclaiming a frame) page faults: 11691
	Voluntary context switches: 1
	Involuntary context switches: 19
	Swaps: 0
	File system inputs: 0
	File system outputs: 16
	Socket messages sent: 0
	Socket messages received: 0
	Signals delivered: 0
	Page size (bytes): 4096
	Exit status: 0
