VPR FPGA Placement and Routing.
Version: 8.1.0-dev+220fa98c0
Revision: v8.0.0-5289-g220fa98c0
Compiled: 2022-03-13T10:00:17
Compiler: GNU 7.5.0 on Linux-4.15.0-167-generic x86_64
Build Info: release IPO VTR_ASSERT_LEVEL=2

University of Toronto
verilogtorouting.org
vtr-users@googlegroups.com
This is free open source code under MIT license.

VPR was run with the following command-line:
/home/kunalg123/Desktop/vtr-verilog-to-routing/vpr/vpr /home/kunalg123/Desktop/vtr-verilog-to-routing/vtr_flow/arch/timing/EArch.xml counter.pre-vpr.blif --gen_post_synthesis_netlist on


Architecture file: /home/kunalg123/Desktop/vtr-verilog-to-routing/vtr_flow/arch/timing/EArch.xml
Circuit name: counter.pre-vpr

# Loading Architecture Description
# Loading Architecture Description took 0.01 seconds (max_rss 14.8 MiB, delta_rss +1.6 MiB)

Timing analysis: ON
Circuit netlist file: counter.pre-vpr.net
Circuit placement file: counter.pre-vpr.place
Circuit routing file: counter.pre-vpr.route
Circuit SDC file: counter.pre-vpr.sdc
Vpr floorplanning constraints file: not specified

Packer: ENABLED
Placer: ENABLED
Router: ENABLED
Analysis: ENABLED

VPR was run with the following options:

NetlistOpts.abosrb_buffer_luts            : true
NetlistOpts.sweep_dangling_primary_ios    : true
NetlistOpts.sweep_dangling_nets           : true
NetlistOpts.sweep_dangling_blocks         : true
NetlistOpts.sweep_constant_primary_outputs: false
NetlistOpts.netlist_verbosity             : 1
NetlistOpts.const_gen_inference           : COMB_SEQ

PackerOpts.allow_unrelated_clustering: auto
PackerOpts.alpha_clustering: 0.750000
PackerOpts.beta_clustering: 0.900000
PackerOpts.cluster_seed_type: BLEND2
PackerOpts.connection_driven: true
PackerOpts.global_clocks: true
PackerOpts.hill_climbing_flag: false
PackerOpts.inter_cluster_net_delay: 1.000000
PackerOpts.timing_driven: true
PackerOpts.target_external_pin_util: auto

PlacerOpts.place_freq: PLACE_ONCE
PlacerOpts.place_algorithm: CRITICALITY_TIMING_PLACE
PlacerOpts.pad_loc_type: FREE
PlacerOpts.constraints_file: No constraints file given
PlacerOpts.place_cost_exp: 1.000000
PlacerOpts.place_chan_width: 100
PlacerOpts.inner_loop_recompute_divider: 0
PlacerOpts.recompute_crit_iter: 1
PlacerOpts.timing_tradeoff: 0.500000
PlacerOpts.td_place_exp_first: 1.000000
PlacerOpts.td_place_exp_last: 8.000000
PlacerOpts.delay_offset: 0.000000
PlacerOpts.delay_ramp_delta_threshold: -1
PlacerOpts.delay_ramp_slope: 0.000000
PlacerOpts.tsu_rel_margin: 1.000000
PlacerOpts.tsu_abs_margin: 0.000000
PlacerOpts.post_place_timing_report_file: 
PlacerOpts.allowed_tiles_for_delay_model: 
PlacerOpts.delay_model_reducer: MIN
PlacerOpts.delay_model_type: DELTA
PlacerOpts.rlim_escape_fraction: 0.000000
PlacerOpts.move_stats_file: 
PlacerOpts.placement_saves_per_temperature: 0
PlacerOpts.effort_scaling: CIRCUIT
PlacerOpts.place_delta_delay_matrix_calculation_method: ASTAR_ROUTE
PlaceOpts.seed: 0
AnnealSched.type: AUTO_SCHED
AnnealSched.inner_num: 0.500000

RouterOpts.route_type: DETAILED
RouterOpts.router_algorithm: TIMING_DRIVEN
RouterOpts.base_cost_type: DELAY_NORMALIZED_LENGTH
RouterOpts.fixed_channel_width: NO_FIXED_CHANNEL_WIDTH
RouterOpts.check_route: FULL
RouterOpts.acc_fac: 1.000000
RouterOpts.bb_factor: 3
RouterOpts.bend_cost: 0.000000
RouterOpts.first_iter_pres_fac: 0.000000
RouterOpts.initial_pres_fac: 0.500000
RouterOpts.pres_fac_mult: 1.300000
RouterOpts.max_router_iterations: 50
RouterOpts.min_incremental_reroute_fanout: 16
RouterOpts.do_check_rr_graph: true
RouterOpts.verify_binary_search: false
RouterOpts.min_channel_width_hint: 0
RouterOpts.read_rr_edge_metadata: false
RouterOpts.exit_after_first_routing_iteration: false
RouterOpts.astar_fac: 1.200000
RouterOpts.router_profiler_astar_fac: 1.200000
RouterOpts.criticality_exp: 1.000000
RouterOpts.max_criticality: 0.990000
RouterOpts.init_wirelength_abort_threshold: 0.850000
RouterOpts.save_routing_per_iteration: false
RouterOpts.congested_routing_iteration_threshold_frac: 1.000000
RouterOpts.high_fanout_threshold: 64
RouterOpts.router_debug_net: -2
RouterOpts.router_debug_sink_rr: -2
RouterOpts.router_debug_iteration: -2
RouterOpts.max_convergence_count: 1
RouterOpts.reconvergence_cpd_threshold: 0.990000
RouterOpts.update_lower_bound_delays: true
RouterOpts.first_iteration_timing_report_file: 
RouterOpts.incr_reroute_delay_ripup: AUTO
RouterOpts.route_bb_update: DYNAMIC
RouterOpts.lookahead_type: MAP
RouterOpts.initial_timing: LOOKAHEAD
RouterOpts.router_heap: BINARY_HEAP
RouterOpts.routing_failure_predictor = SAFE
RouterOpts.routing_budgets_algorithm = DISABLE

AnalysisOpts.gen_post_synthesis_netlist: true
AnalysisOpts.timing_report_npaths: 100
AnalysisOpts.timing_report_skew: false
AnalysisOpts.echo_dot_timing_graph_node: -1
AnalysisOpts.timing_report_detail: NETLIST
AnalysisOpts.post_synth_netlist_unconn_input_handling: UNCONNECTED
AnalysisOpts.post_synth_netlist_unconn_output_handling: UNCONNECTED

# Building complex block graph
Warning 1: io[0].clock[0] unconnected pin in architecture.
# Building complex block graph took 0.05 seconds (max_rss 21.2 MiB, delta_rss +6.4 MiB)
Circuit file: counter.pre-vpr.blif
# Load circuit
Found constant-one generator 'vcc'
Found constant-zero generator 'gnd'
Found constant-zero generator 'unconn'
# Load circuit took 0.00 seconds (max_rss 21.2 MiB, delta_rss +0.0 MiB)
# Clean circuit
Absorbed 4 LUT buffers
Inferred    0 additional primitive pins as constant generators since they have no combinationally connected inputs
Inferred    2 additional primitive pins as constant generators due to constant inputs
Inferred    0 additional primitive pins as constant generators since they have no combinationally connected inputs
Inferred    0 additional primitive pins as constant generators due to constant inputs
Swept input(s)      : 0
Swept output(s)     : 0 (0 dangling, 0 constant)
Swept net(s)        : 2
Swept block(s)      : 0
Constant Pins Marked: 2
# Clean circuit took 0.00 seconds (max_rss 21.2 MiB, delta_rss +0.0 MiB)
# Compress circuit
# Compress circuit took 0.00 seconds (max_rss 21.2 MiB, delta_rss +0.0 MiB)
# Verify circuit
# Verify circuit took 0.00 seconds (max_rss 21.2 MiB, delta_rss +0.0 MiB)
Circuit Statistics:
  Blocks: 22
    .input :       3
    .latch :       4
    .output:       4
    0-LUT  :       2
    6-LUT  :       4
    adder  :       5
  Nets  : 21
    Avg Fanout:     2.0
    Max Fanout:     4.0
    Min Fanout:     1.0
  Netlist Clocks: 1
# Build Timing Graph
  Timing Graph Nodes: 63
  Timing Graph Edges: 89
  Timing Graph Levels: 14
# Build Timing Graph took 0.00 seconds (max_rss 21.2 MiB, delta_rss +0.0 MiB)
Netlist contains 1 clocks
  Netlist Clock 'up_counter^clk' Fanout: 4 pins (6.3%), 4 blocks (18.2%)
# Load Timing Constraints

SDC file 'counter.pre-vpr.sdc' not found
Setting default timing constraints:
   * constrain all primay inputs and primary outputs on netlist clock 'up_counter^clk'
   * optimize netlist clock to run as fast as possible
Timing constraints created 1 clocks
  Constrained Clock 'up_counter^clk' Source: 'up_counter^clk.inpad[0]'

# Load Timing Constraints took 0.00 seconds (max_rss 21.2 MiB, delta_rss +0.0 MiB)
# Packing
Begin packing 'counter.pre-vpr.blif'.

After removing unused inputs...
	total blocks: 22, total nets: 21, total inputs: 3, total outputs: 4
Begin prepacking.

There is one chain in this architecture called "chain" with the following starting points:
	clb[0]/fle[0]/lut5inter[0]/ble5[0]/arithmetic[0]/adder[0].cin[0]

0 attraction groups were created during prepacking.
Finish prepacking.
Using inter-cluster delay: 1.33777e-09
Packing with pin utilization targets: io:1,1 clb:0.8,1 mult_36:1,1 memory:1,1
Packing with high fanout thresholds: io:128 clb:32 mult_36:128 memory:128
Starting Clustering - Clustering Progress: 
-------------------   --------------------------   ---------
Molecules processed   Number of clusters created   FPGA size
-------------------   --------------------------   ---------

Logic Element (fle) detailed count:
  Total number of Logic Elements used : 6
  LEs used for logic and registers    : 3
  LEs used for logic only             : 3
  LEs used for registers only         : 0

Final Clustering Statistics: 
----------   --------   ------------------------------------   --------------------------
Block Type   # Blocks   Avg. # of input clocks and pins used   Avg. # of output pins used
----------   --------   ------------------------------------   --------------------------
     EMPTY          0                                      0                            0   
        io          7                               0.571429                     0.428571   
       clb          1                                      4                            4   
   mult_36          0                                      0                            0   
    memory          0                                      0                            0   
Absorbed logical nets 14 out of 21 nets, 7 nets not absorbed.
Incr Slack updates 1 in 5.974e-06 sec
Full Max Req/Worst Slack updates 1 in 2.42e-06 sec
Incr Max Req/Worst Slack updates 0 in 0 sec
Incr Criticality updates 0 in 0 sec
Full Criticality updates 1 in 4.119e-06 sec
FPGA sized to 3 x 3 (auto)
Device Utilization: 0.21 (target 1.00)
	Block Utilization: 0.22 Type: io
	Block Utilization: 1.00 Type: clb


Netlist conversion complete.

# Packing took 0.02 seconds (max_rss 21.2 MiB, delta_rss +0.1 MiB)
# Load packing
Begin loading packed FPGA netlist file.
Netlist generated from file 'counter.pre-vpr.net'.
Detected 2 constant generators (to see names run with higher pack verbosity)
Finished loading packed FPGA netlist file (took 0.01787 seconds).
Warning 2: Treated 0 constant nets as global which will not be routed (to see net names increase packer verbosity).
# Load packing took 0.02 seconds (max_rss 21.4 MiB, delta_rss +0.1 MiB)
Warning 3: Netlist contains 0 global net to non-global architecture pin connections

Pb types usage...
  io               : 7
   inpad           : 3
   outpad          : 4
  clb              : 1
   fle             : 6
    lut5inter      : 6
     ble5          : 11
      flut5        : 6
       lut5        : 6
        lut        : 6
       ff          : 4
      arithmetic   : 5
       adder       : 5

# Create Device
## Build Device Grid
FPGA sized to 3 x 3: 9 grid tiles (auto)

Resource usage...
	Netlist
		7	blocks of type: io
	Architecture
		32	blocks of type: io
	Netlist
		1	blocks of type: clb
	Architecture
		1	blocks of type: clb
	Netlist
		0	blocks of type: mult_36
	Architecture
		0	blocks of type: mult_36
	Netlist
		0	blocks of type: memory
	Architecture
		0	blocks of type: memory

Device Utilization: 0.21 (target 1.00)
	Physical Tile io:
	Block Utilization: 0.22 Logical Block: io
	Physical Tile clb:
	Block Utilization: 1.00 Logical Block: clb

## Build Device Grid took 0.00 seconds (max_rss 21.6 MiB, delta_rss +0.0 MiB)
## Build routing resource graph
Warning 4: in check_rr_node: RR node: 196 pin: 73 pin_name: clb.cout[0] capacity: 1 fan-in: 1 fan-out: 0 OPIN:196 side: (RIGHT,) (1,1) has no out-going edges.
## Build routing resource graph took 0.00 seconds (max_rss 21.9 MiB, delta_rss +0.3 MiB)
  RR Graph Nodes: 694
  RR Graph Edges: 2387
# Create Device took 0.00 seconds (max_rss 21.9 MiB, delta_rss +0.3 MiB)

# Computing router lookahead map
## Computing wire lookahead
## Computing wire lookahead took 0.00 seconds (max_rss 21.9 MiB, delta_rss +0.0 MiB)
## Computing src/opin lookahead
Warning 5: Found no more sample locations for SOURCE in clb
Warning 6: Found no more sample locations for OPIN in clb
Warning 7: Found no sample locations for SOURCE in mult_36
Warning 8: Found no sample locations for OPIN in mult_36
Warning 9: Found no sample locations for SOURCE in memory
Warning 10: Found no sample locations for OPIN in memory
## Computing src/opin lookahead took 0.00 seconds (max_rss 21.9 MiB, delta_rss +0.0 MiB)
# Computing router lookahead map took 0.00 seconds (max_rss 21.9 MiB, delta_rss +0.0 MiB)
# Computing placement delta delay look-up
## Build routing resource graph
Warning 11: in check_rr_node: RR node: 196 pin: 73 pin_name: clb.cout[0] capacity: 1 fan-in: 1 fan-out: 0 OPIN:196 side: (RIGHT,) (1,1) has no out-going edges.
## Build routing resource graph took 0.00 seconds (max_rss 22.2 MiB, delta_rss +0.3 MiB)
  RR Graph Nodes: 678
  RR Graph Edges: 2267
## Computing router lookahead map
### Computing wire lookahead
### Computing wire lookahead took 0.00 seconds (max_rss 22.2 MiB, delta_rss +0.0 MiB)
### Computing src/opin lookahead
Warning 12: Found no more sample locations for SOURCE in clb
Warning 13: Found no more sample locations for OPIN in clb
Warning 14: Found no sample locations for SOURCE in mult_36
Warning 15: Found no sample locations for OPIN in mult_36
Warning 16: Found no sample locations for SOURCE in memory
Warning 17: Found no sample locations for OPIN in memory
### Computing src/opin lookahead took 0.00 seconds (max_rss 22.2 MiB, delta_rss +0.0 MiB)
## Computing router lookahead map took 0.00 seconds (max_rss 22.2 MiB, delta_rss +0.0 MiB)
## Computing delta delays
## Computing delta delays took 0.00 seconds (max_rss 22.2 MiB, delta_rss +0.0 MiB)
# Computing placement delta delay look-up took 0.00 seconds (max_rss 22.2 MiB, delta_rss +0.3 MiB)
Using simple RL 'Softmax agent' for choosing move types
# Placement
## Initial Placement
## Initial Placement took 0.00 seconds (max_rss 22.2 MiB, delta_rss +0.0 MiB)

There are 7 point to point connections in this circuit.


Completed placement consistency check successfully.
Initial placement cost: 1 bb_cost: 0.125 td_cost: 3.21189e-10
Initial placement estimated Critical Path Delay (CPD): 1.46 ns
Initial placement estimated setup Total Negative Slack (sTNS): -6.98958 ns
Initial placement estimated setup Worst Negative Slack (sWNS): -1.46 ns

Initial placement estimated setup slack histogram:
[ -1.5e-09: -1.4e-09) 3 ( 37.5%) |*************************************
[ -1.4e-09: -1.2e-09) 0 (  0.0%) |
[ -1.2e-09: -1.1e-09) 1 ( 12.5%) |************
[ -1.1e-09:   -1e-09) 0 (  0.0%) |
[   -1e-09: -9.2e-10) 0 (  0.0%) |
[ -9.2e-10: -8.1e-10) 0 (  0.0%) |
[ -8.1e-10:   -7e-10) 0 (  0.0%) |
[   -7e-10: -5.9e-10) 0 (  0.0%) |
[ -5.9e-10: -4.8e-10) 0 (  0.0%) |
[ -4.8e-10: -3.7e-10) 4 ( 50.0%) |*************************************************
Placement contains 0 placement macros involving 0 blocks (average macro size -nan)

Moves per temperature: 7

---- ------ ------- ------- ---------- ---------- ------- ---------- -------- ------- ------- ------ -------- --------- ------
Tnum   Time       T Av Cost Av BB Cost Av TD Cost     CPD       sTNS     sWNS Ac Rate Std Dev  R lim Crit Exp Tot Moves  Alpha
      (sec)                                          (ns)       (ns)     (ns)                                                 
---- ------ ------- ------- ---------- ---------- ------- ---------- -------- ------- ------- ------ -------- --------- ------
   1    0.0 0.0e+00   1.000       0.13 3.2119e-10   1.460      -6.99   -1.460   0.857  0.0000    2.0     1.00         7  0.200
   2    0.0 0.0e+00   1.000       0.13 3.2119e-10   1.460      -6.99   -1.460   0.571  0.0000    2.0     1.00        14  0.900
## Placement Quench took 0.00 seconds (max_rss 22.2 MiB)
post-quench CPD = 1.46 (ns) 

Completed placement consistency check successfully.

Swaps called: 21

Aborted Move Reasons:
  No moves aborted

Placement estimated critical path delay (least slack): 1.46 ns, Fmax: 684.931 MHz
Placement estimated setup Worst Negative Slack (sWNS): -1.46 ns
Placement estimated setup Total Negative Slack (sTNS): -6.98958 ns

Placement estimated setup slack histogram:
[ -1.5e-09: -1.4e-09) 3 ( 37.5%) |*************************************
[ -1.4e-09: -1.2e-09) 0 (  0.0%) |
[ -1.2e-09: -1.1e-09) 1 ( 12.5%) |************
[ -1.1e-09:   -1e-09) 0 (  0.0%) |
[   -1e-09: -9.2e-10) 0 (  0.0%) |
[ -9.2e-10: -8.1e-10) 0 (  0.0%) |
[ -8.1e-10:   -7e-10) 0 (  0.0%) |
[   -7e-10: -5.9e-10) 0 (  0.0%) |
[ -5.9e-10: -4.8e-10) 0 (  0.0%) |
[ -4.8e-10: -3.7e-10) 4 ( 50.0%) |*************************************************

Placement estimated geomean non-virtual intra-domain period: 1.46 ns (684.931 MHz)
Placement estimated fanout-weighted geomean non-virtual intra-domain period: 1.46 ns (684.931 MHz)

Placement cost: 1, bb_cost: 0.125, td_cost: 3.21189e-10, 

Placement resource usage:
  io  implemented as io : 7
  clb implemented as clb: 1

Placement number of temperatures: 2
Placement total # of swap attempts: 21
	Swaps accepted: 17 (81.0 %)
	Swaps rejected:  0 ( 0.0 %)
	Swaps aborted :  4 (19.0 %)


Percentage of different move types:
	Uniform move: 33.33 % (acc=100.00 %, rej=0.00 %, aborted=0.00 %)
	Median move: 19.05 % (acc=75.00 %, rej=0.00 %, aborted=25.00 %)
	W. Centroid move: 14.29 % (acc=100.00 %, rej=0.00 %, aborted=0.00 %)
	Centroid move: 19.05 % (acc=100.00 %, rej=0.00 %, aborted=0.00 %)
	Feasible Region move: 14.29 % (acc=0.00 %, rej=0.00 %, aborted=100.00 %)

Placement Quench timing analysis took 2.6192e-05 seconds (2.0008e-05 STA, 6.184e-06 slack) (1 full updates: 1 setup, 0 hold, 0 combined).
Placement Total  timing analysis took 0.000475715 seconds (0.00043678 STA, 3.8935e-05 slack) (4 full updates: 4 setup, 0 hold, 0 combined).
update_td_costs: connections 0 nets 0 sum_nets 0 total 0
# Placement took 0.00 seconds (max_rss 22.2 MiB, delta_rss +0.0 MiB)

# Routing
Initializing minimum channel width search based on maximum CLB pins

Attempting to route at 76 channels (binary search bounds: [-1, -1])
## Build routing resource graph
Warning 18: in check_rr_node: RR node: 196 pin: 73 pin_name: clb.cout[0] capacity: 1 fan-in: 1 fan-out: 0 OPIN:196 side: (RIGHT,) (1,1) has no out-going edges.
## Build routing resource graph took 0.00 seconds (max_rss 22.2 MiB, delta_rss +0.0 MiB)
  RR Graph Nodes: 598
  RR Graph Edges: 1859
Confirming router algorithm: TIMING_DRIVEN.
## Computing router lookahead map
### Computing wire lookahead
### Computing wire lookahead took 0.00 seconds (max_rss 22.2 MiB, delta_rss +0.0 MiB)
### Computing src/opin lookahead
Warning 19: Found no more sample locations for SOURCE in clb
Warning 20: Found no more sample locations for OPIN in clb
Warning 21: Found no sample locations for SOURCE in mult_36
Warning 22: Found no sample locations for OPIN in mult_36
Warning 23: Found no sample locations for SOURCE in memory
Warning 24: Found no sample locations for OPIN in memory
### Computing src/opin lookahead took 0.00 seconds (max_rss 22.2 MiB, delta_rss +0.0 MiB)
## Computing router lookahead map took 0.00 seconds (max_rss 22.2 MiB, delta_rss +0.0 MiB)
## Initializing router criticalities
Initial Net Connection Criticality Histogram:
[        0:      0.1) 1 ( 12.5%) |************
[      0.1:      0.2) 0 (  0.0%) |
[      0.2:      0.3) 4 ( 50.0%) |*************************************************
[      0.3:      0.4) 3 ( 37.5%) |*************************************
[      0.4:      0.5) 0 (  0.0%) |
[      0.5:      0.6) 0 (  0.0%) |
[      0.6:      0.7) 0 (  0.0%) |
[      0.7:      0.8) 0 (  0.0%) |
[      0.8:      0.9) 0 (  0.0%) |
[      0.9:        1) 0 (  0.0%) |
## Initializing router criticalities took 0.00 seconds (max_rss 22.2 MiB, delta_rss +0.0 MiB)
---- ------ ------- ---- ------- ------- ------- ----------------- --------------- -------- ---------- ---------- ---------- ---------- --------
Iter   Time    pres  BBs    Heap  Re-Rtd  Re-Rtd Overused RR Nodes      Wirelength      CPD       sTNS       sWNS       hTNS       hWNS Est Succ
      (sec)     fac Updt    push    Nets   Conns                                       (ns)       (ns)       (ns)       (ns)       (ns)     Iter
---- ------ ------- ---- ------- ------- ------- ----------------- --------------- -------- ---------- ---------- ---------- ---------- --------
   1    0.0     0.0    0     209       6       7       0 ( 0.000%)      14 ( 4.6%)    1.460     -7.532     -1.460      0.000      0.000      N/A
Incr Slack updates 4 in 1.3913e-05 sec
Full Max Req/Worst Slack updates 1 in 2.591e-06 sec
Incr Max Req/Worst Slack updates 3 in 4.002e-06 sec
Incr Criticality updates 3 in 8.094e-06 sec
Full Criticality updates 1 in 4.471e-06 sec
Restoring best routing
Critical path: 1.46 ns
Successfully routed after 1 routing iterations.
Final Net Connection Criticality Histogram:
[        0:      0.1) 1 ( 12.5%) |**********
[      0.1:      0.2) 0 (  0.0%) |
[      0.2:      0.3) 0 (  0.0%) |
[      0.3:      0.4) 5 ( 62.5%) |*************************************************
[      0.4:      0.5) 2 ( 25.0%) |********************
[      0.5:      0.6) 0 (  0.0%) |
[      0.6:      0.7) 0 (  0.0%) |
[      0.7:      0.8) 0 (  0.0%) |
[      0.8:      0.9) 0 (  0.0%) |
[      0.9:        1) 0 (  0.0%) |
Router Stats: total_nets_routed: 6 total_connections_routed: 7 total_heap_pushes: 209 total_heap_pops: 154

Attempting to route at 38 channels (binary search bounds: [-1, 76])
## Build routing resource graph
Warning 25: in check_rr_node: RR node: 196 pin: 73 pin_name: clb.cout[0] capacity: 1 fan-in: 1 fan-out: 0 OPIN:196 side: (RIGHT,) (1,1) has no out-going edges.
## Build routing resource graph took 0.00 seconds (max_rss 22.2 MiB, delta_rss +0.0 MiB)
  RR Graph Nodes: 446
  RR Graph Edges: 1015
Confirming router algorithm: TIMING_DRIVEN.
## Computing router lookahead map
### Computing wire lookahead
### Computing wire lookahead took 0.00 seconds (max_rss 22.2 MiB, delta_rss +0.0 MiB)
### Computing src/opin lookahead
Warning 26: Found no more sample locations for SOURCE in clb
Warning 27: Found no more sample locations for OPIN in clb
Warning 28: Found no sample locations for SOURCE in mult_36
Warning 29: Found no sample locations for OPIN in mult_36
Warning 30: Found no sample locations for SOURCE in memory
Warning 31: Found no sample locations for OPIN in memory
### Computing src/opin lookahead took 0.00 seconds (max_rss 22.2 MiB, delta_rss +0.0 MiB)
## Computing router lookahead map took 0.00 seconds (max_rss 22.2 MiB, delta_rss +0.0 MiB)
## Initializing router criticalities
Initial Net Connection Criticality Histogram:
[        0:      0.1) 1 ( 12.5%) |************
[      0.1:      0.2) 0 (  0.0%) |
[      0.2:      0.3) 4 ( 50.0%) |*************************************************
[      0.3:      0.4) 3 ( 37.5%) |*************************************
[      0.4:      0.5) 0 (  0.0%) |
[      0.5:      0.6) 0 (  0.0%) |
[      0.6:      0.7) 0 (  0.0%) |
[      0.7:      0.8) 0 (  0.0%) |
[      0.8:      0.9) 0 (  0.0%) |
[      0.9:        1) 0 (  0.0%) |
## Initializing router criticalities took 0.00 seconds (max_rss 22.2 MiB, delta_rss +0.0 MiB)
---- ------ ------- ---- ------- ------- ------- ----------------- --------------- -------- ---------- ---------- ---------- ---------- --------
Iter   Time    pres  BBs    Heap  Re-Rtd  Re-Rtd Overused RR Nodes      Wirelength      CPD       sTNS       sWNS       hTNS       hWNS Est Succ
      (sec)     fac Updt    push    Nets   Conns                                       (ns)       (ns)       (ns)       (ns)       (ns)     Iter
---- ------ ------- ---- ------- ------- ------- ----------------- --------------- -------- ---------- ---------- ---------- ---------- --------
   1    0.0     0.0    0     118       6       7       0 ( 0.000%)      13 ( 8.6%)    1.460     -7.377     -1.460      0.000      0.000      N/A
Restoring best routing
Critical path: 1.46 ns
Successfully routed after 1 routing iterations.
Final Net Connection Criticality Histogram:
[        0:      0.1) 1 ( 12.5%) |********
[      0.1:      0.2) 0 (  0.0%) |
[      0.2:      0.3) 0 (  0.0%) |
[      0.3:      0.4) 6 ( 75.0%) |*************************************************
[      0.4:      0.5) 1 ( 12.5%) |********
[      0.5:      0.6) 0 (  0.0%) |
[      0.6:      0.7) 0 (  0.0%) |
[      0.7:      0.8) 0 (  0.0%) |
[      0.8:      0.9) 0 (  0.0%) |
[      0.9:        1) 0 (  0.0%) |
Router Stats: total_nets_routed: 6 total_connections_routed: 7 total_heap_pushes: 118 total_heap_pops: 89

Attempting to route at 20 channels (binary search bounds: [-1, 38])
## Build routing resource graph
Warning 32: in check_rr_node: RR node: 196 pin: 73 pin_name: clb.cout[0] capacity: 1 fan-in: 1 fan-out: 0 OPIN:196 side: (RIGHT,) (1,1) has no out-going edges.
## Build routing resource graph took 0.00 seconds (max_rss 22.2 MiB, delta_rss +0.0 MiB)
  RR Graph Nodes: 374
  RR Graph Edges: 643
Confirming router algorithm: TIMING_DRIVEN.
## Computing router lookahead map
### Computing wire lookahead
### Computing wire lookahead took 0.00 seconds (max_rss 22.2 MiB, delta_rss +0.0 MiB)
### Computing src/opin lookahead
Warning 33: Found no more sample locations for SOURCE in clb
Warning 34: Found no more sample locations for OPIN in clb
Warning 35: Found no sample locations for SOURCE in mult_36
Warning 36: Found no sample locations for OPIN in mult_36
Warning 37: Found no sample locations for SOURCE in memory
Warning 38: Found no sample locations for OPIN in memory
### Computing src/opin lookahead took 0.00 seconds (max_rss 22.2 MiB, delta_rss +0.0 MiB)
## Computing router lookahead map took 0.00 seconds (max_rss 22.2 MiB, delta_rss +0.0 MiB)
## Initializing router criticalities
Initial Net Connection Criticality Histogram:
[        0:      0.1) 1 ( 12.5%) |************
[      0.1:      0.2) 0 (  0.0%) |
[      0.2:      0.3) 4 ( 50.0%) |*************************************************
[      0.3:      0.4) 3 ( 37.5%) |*************************************
[      0.4:      0.5) 0 (  0.0%) |
[      0.5:      0.6) 0 (  0.0%) |
[      0.6:      0.7) 0 (  0.0%) |
[      0.7:      0.8) 0 (  0.0%) |
[      0.8:      0.9) 0 (  0.0%) |
[      0.9:        1) 0 (  0.0%) |
## Initializing router criticalities took 0.00 seconds (max_rss 22.2 MiB, delta_rss +0.0 MiB)
---- ------ ------- ---- ------- ------- ------- ----------------- --------------- -------- ---------- ---------- ---------- ---------- --------
Iter   Time    pres  BBs    Heap  Re-Rtd  Re-Rtd Overused RR Nodes      Wirelength      CPD       sTNS       sWNS       hTNS       hWNS Est Succ
      (sec)     fac Updt    push    Nets   Conns                                       (ns)       (ns)       (ns)       (ns)       (ns)     Iter
---- ------ ------- ---- ------- ------- ------- ----------------- --------------- -------- ---------- ---------- ---------- ---------- --------
   1    0.0     0.0    0     161       6       7       3 ( 0.802%)      30 (37.5%)    1.460     -8.620     -1.460      0.000      0.000      N/A
   2    0.0     0.5    0      78       3       3       3 ( 0.802%)      30 (37.5%)    1.460     -8.620     -1.460      0.000      0.000      N/A
   3    0.0     0.6    0      86       3       3       3 ( 0.802%)      30 (37.5%)    1.460     -8.620     -1.460      0.000      0.000      N/A
   4    0.0     0.8    0     100       3       3       3 ( 0.802%)      30 (37.5%)    1.460     -8.620     -1.460      0.000      0.000      N/A
   5    0.0     1.1    0     104       3       3       3 ( 0.802%)      30 (37.5%)    1.460     -8.620     -1.460      0.000      0.000      N/A
   6    0.0     1.4    0      93       3       3       5 ( 1.337%)      36 (45.0%)    1.460     -9.087     -1.460      0.000      0.000      N/A
   7    0.0     1.9    0     113       3       3       3 ( 0.802%)      40 (50.0%)    1.540     -9.398     -1.540      0.000      0.000      N/A
   8    0.0     2.4    0      90       3       3       3 ( 0.802%)      30 (37.5%)    1.460     -8.620     -1.460      0.000      0.000      N/A
   9    0.0     3.1    0      97       3       3       5 ( 1.337%)      36 (45.0%)    1.460     -9.087     -1.460      0.000      0.000      N/A
  10    0.0     4.1    0     114       3       3       3 ( 0.802%)      40 (50.0%)    1.540     -9.398     -1.540      0.000      0.000      inf
  11    0.0     5.3    0      98       3       3       3 ( 0.802%)      30 (37.5%)    1.460     -8.620     -1.460      0.000      0.000       34
  12    0.0     6.9    0     108       3       3       5 ( 1.337%)      36 (45.0%)    1.460     -9.087     -1.460      0.000      0.000       30
  13    0.0     9.0    0     112       3       3       3 ( 0.802%)      40 (50.0%)    1.540     -9.398     -1.540      0.000      0.000      inf
  14    0.0    11.6    0     104       3       3       3 ( 0.802%)      30 (37.5%)    1.460     -8.620     -1.460      0.000      0.000      inf
  15    0.0    15.1    0      74       2       2       3 ( 0.802%)      40 (50.0%)    1.540     -9.398     -1.540      0.000      0.000       79
  16    0.0    19.7    0     106       3       3       3 ( 0.802%)      30 (37.5%)    1.460     -8.620     -1.460      0.000      0.000       62
  17    0.0    25.6    0     100       3       3       5 ( 1.337%)      36 (45.0%)    1.460     -9.087     -1.460      0.000      0.000       38
  18    0.0    33.3    0     106       3       3       3 ( 0.802%)      40 (50.0%)    1.540     -9.398     -1.540      0.000      0.000      162
  19    0.0    43.3    0     112       3       3       3 ( 0.802%)      30 (37.5%)    1.460     -8.620     -1.460      0.000      0.000      inf
  20    0.0    56.2    0      74       2       2       3 ( 0.802%)      40 (50.0%)    1.540     -9.398     -1.540      0.000      0.000      inf
  21    0.0    73.1    0     112       3       3       3 ( 0.802%)      30 (37.5%)    1.460     -8.620     -1.460      0.000      0.000      112
  22    0.0    95.0    0     100       3       3       5 ( 1.337%)      36 (45.0%)    1.460     -9.087     -1.460      0.000      0.000      102
  23    0.0   123.5    0     105       3       3       3 ( 0.802%)      40 (50.0%)    1.540     -9.398     -1.540      0.000      0.000      inf
  24    0.0   160.6    0     104       3       3       9 ( 2.406%)      48 (60.0%)    1.540     -10.02     -1.540      0.000      0.000      246
  25    0.0   208.8    0      81       2       2       3 ( 0.802%)      40 (50.0%)    1.540     -9.398     -1.540      0.000      0.000      inf
  26    0.0   271.4    0      80       2       2       3 ( 0.802%)      40 (50.0%)    1.540     -9.398     -1.540      0.000      0.000      inf
  27    0.0   352.8    0      80       2       2       3 ( 0.802%)      40 (50.0%)    1.540     -9.398     -1.540      0.000      0.000      inf
  28    0.0   458.7    0     111       3       3       9 ( 2.406%)      48 (60.0%)    1.540     -10.02     -1.540      0.000      0.000      inf
  29    0.0   596.3    0      80       2       2       3 ( 0.802%)      40 (50.0%)    1.540     -9.398     -1.540      0.000      0.000      inf
  30    0.0   775.1    0      80       2       2       3 ( 0.802%)      40 (50.0%)    1.540     -9.398     -1.540      0.000      0.000      inf
  31    0.0  1007.7    0      80       2       2       3 ( 0.802%)      40 (50.0%)    1.540     -9.398     -1.540      0.000      0.000      inf
  32    0.0  1310.0    0     143       4       4      14 ( 3.743%)      54 (67.5%)    1.540     -10.49     -1.540      0.000      0.000      inf
  33    0.0  1703.0    0     102       3       3       9 ( 2.406%)      48 (60.0%)    1.540     -10.02     -1.540      0.000      0.000      inf
  34    0.0  2213.9    0     111       3       3       3 ( 0.802%)      30 (37.5%)    1.460     -8.620     -1.460      0.000      0.000      inf
  35    0.0  2878.1    0      79       2       2       3 ( 0.802%)      40 (50.0%)    1.540     -9.398     -1.540      0.000      0.000      inf
  36    0.0  3741.5    0     111       3       3       3 ( 0.802%)      30 (37.5%)    1.460     -8.620     -1.460      0.000      0.000      inf
  37    0.0  4863.9    0      99       3       3       5 ( 1.337%)      36 (45.0%)    1.460     -9.087     -1.460      0.000      0.000      inf
  38    0.0  6323.1    0     106       3       3       3 ( 0.802%)      40 (50.0%)    1.540     -9.398     -1.540      0.000      0.000      inf
  39    0.0  8220.0    0      80       2       2       3 ( 0.802%)      40 (50.0%)    1.540     -9.398     -1.540      0.000      0.000      inf
  40    0.0 10686.0    0     111       3       3       3 ( 0.802%)      30 (37.5%)    1.460     -8.620     -1.460      0.000      0.000      inf
  41    0.0 13891.9    0      79       2       2       3 ( 0.802%)      40 (50.0%)    1.540     -9.398     -1.540      0.000      0.000      189
  42    0.0 18059.4    0     111       3       3       3 ( 0.802%)      30 (37.5%)    1.460     -8.620     -1.460      0.000      0.000      152
  43    0.0 23477.2    0      99       3       3       5 ( 1.337%)      36 (45.0%)    1.460     -9.087     -1.460      0.000      0.000      104
  44    0.0 30520.4    0     106       3       3       3 ( 0.802%)      40 (50.0%)    1.540     -9.398     -1.540      0.000      0.000      133
  45    0.0 39676.5    0     111       3       3       3 ( 0.802%)      30 (37.5%)    1.460     -8.620     -1.460      0.000      0.000      129
  46    0.0 51579.5    0      79       2       2       3 ( 0.802%)      40 (50.0%)    1.540     -9.398     -1.540      0.000      0.000      122
  47    0.0 67053.3    0     111       3       3       3 ( 0.802%)      30 (37.5%)    1.460     -8.620     -1.460      0.000      0.000       99
  48    0.0 87169.3    0      99       3       3       5 ( 1.337%)      36 (45.0%)    1.460     -9.087     -1.460      0.000      0.000       99
  49    0.0 1.1e+05    0     106       3       3       3 ( 0.802%)      40 (50.0%)    1.540     -9.398     -1.540      0.000      0.000      179
  50    0.0 1.5e+05    0     111       3       3       3 ( 0.802%)      30 (37.5%)    1.460     -8.620     -1.460      0.000      0.000      165
Routing failed.

Failed routing attempt #0
Total number of overused nodes: 3
Routing Failure Diagnostics: Printing Overused Nodes Information
------ ------- ---------- --------- -------- ------------ ------- ------- ------- ------- ------- -------
   No.  NodeId  Occupancy  Capacity  RR Node    Direction    Side     PTC    Xlow    Ylow   Xhigh   Yhigh
                                        type                          NUM                                
------ ------- ---------- --------- -------- ------------ ------- ------- ------- ------- ------- -------
     0     316          2         1    CHANX      INC_DIR     N/A       2       1       1       1       1
     1     320          2         1    CHANX      INC_DIR     N/A       6       1       1       1       1
     2     355          2         1    CHANY      DEC_DIR     N/A       1       1       1       1       1

Final Net Connection Criticality Histogram:
[        0:      0.1) 1 ( 12.5%) |************
[      0.1:      0.2) 0 (  0.0%) |
[      0.2:      0.3) 0 (  0.0%) |
[      0.3:      0.4) 0 (  0.0%) |
[      0.4:      0.5) 4 ( 50.0%) |*************************************************
[      0.5:      0.6) 2 ( 25.0%) |*************************
[      0.6:      0.7) 1 ( 12.5%) |************
[      0.7:      0.8) 0 (  0.0%) |
[      0.8:      0.9) 0 (  0.0%) |
[      0.9:        1) 0 (  0.0%) |
Router Stats: total_nets_routed: 142 total_connections_routed: 143 total_heap_pushes: 4997 total_heap_pops: 4656

Attempting to route at 30 channels (binary search bounds: [20, 38])
## Build routing resource graph
Warning 39: in check_rr_node: RR node: 196 pin: 73 pin_name: clb.cout[0] capacity: 1 fan-in: 1 fan-out: 0 OPIN:196 side: (RIGHT,) (1,1) has no out-going edges.
## Build routing resource graph took 0.00 seconds (max_rss 22.2 MiB, delta_rss +0.0 MiB)
  RR Graph Nodes: 414
  RR Graph Edges: 911
Confirming router algorithm: TIMING_DRIVEN.
## Computing router lookahead map
### Computing wire lookahead
### Computing wire lookahead took 0.00 seconds (max_rss 22.2 MiB, delta_rss +0.0 MiB)
### Computing src/opin lookahead
Warning 40: Found no more sample locations for SOURCE in clb
Warning 41: Found no more sample locations for OPIN in clb
Warning 42: Found no sample locations for SOURCE in mult_36
Warning 43: Found no sample locations for OPIN in mult_36
Warning 44: Found no sample locations for SOURCE in memory
Warning 45: Found no sample locations for OPIN in memory
### Computing src/opin lookahead took 0.00 seconds (max_rss 22.2 MiB, delta_rss +0.0 MiB)
## Computing router lookahead map took 0.00 seconds (max_rss 22.2 MiB, delta_rss +0.0 MiB)
## Initializing router criticalities
Initial Net Connection Criticality Histogram:
[        0:      0.1) 1 ( 12.5%) |************
[      0.1:      0.2) 0 (  0.0%) |
[      0.2:      0.3) 4 ( 50.0%) |*************************************************
[      0.3:      0.4) 3 ( 37.5%) |*************************************
[      0.4:      0.5) 0 (  0.0%) |
[      0.5:      0.6) 0 (  0.0%) |
[      0.6:      0.7) 0 (  0.0%) |
[      0.7:      0.8) 0 (  0.0%) |
[      0.8:      0.9) 0 (  0.0%) |
[      0.9:        1) 0 (  0.0%) |
## Initializing router criticalities took 0.00 seconds (max_rss 22.2 MiB, delta_rss +0.0 MiB)
---- ------ ------- ---- ------- ------- ------- ----------------- --------------- -------- ---------- ---------- ---------- ---------- --------
Iter   Time    pres  BBs    Heap  Re-Rtd  Re-Rtd Overused RR Nodes      Wirelength      CPD       sTNS       sWNS       hTNS       hWNS Est Succ
      (sec)     fac Updt    push    Nets   Conns                                       (ns)       (ns)       (ns)       (ns)       (ns)     Iter
---- ------ ------- ---- ------- ------- ------- ----------------- --------------- -------- ---------- ---------- ---------- ---------- --------
   1    0.0     0.0    0     163       6       7       2 ( 0.483%)      27 (22.5%)    1.460     -8.470     -1.460      0.000      0.000      N/A
   2    0.0     0.5    0      23       1       1       0 ( 0.000%)      27 (22.5%)    1.460     -8.470     -1.460      0.000      0.000      N/A
Restoring best routing
Critical path: 1.46 ns
Successfully routed after 2 routing iterations.
Final Net Connection Criticality Histogram:
[        0:      0.1) 1 ( 12.5%) |****************
[      0.1:      0.2) 0 (  0.0%) |
[      0.2:      0.3) 0 (  0.0%) |
[      0.3:      0.4) 2 ( 25.0%) |*********************************
[      0.4:      0.5) 3 ( 37.5%) |*************************************************
[      0.5:      0.6) 0 (  0.0%) |
[      0.6:      0.7) 1 ( 12.5%) |****************
[      0.7:      0.8) 1 ( 12.5%) |****************
[      0.8:      0.9) 0 (  0.0%) |
[      0.9:        1) 0 (  0.0%) |
Router Stats: total_nets_routed: 7 total_connections_routed: 8 total_heap_pushes: 186 total_heap_pops: 154

Attempting to route at 26 channels (binary search bounds: [20, 30])
## Build routing resource graph
Warning 46: in check_rr_node: RR node: 196 pin: 73 pin_name: clb.cout[0] capacity: 1 fan-in: 1 fan-out: 0 OPIN:196 side: (RIGHT,) (1,1) has no out-going edges.
## Build routing resource graph took 0.00 seconds (max_rss 22.2 MiB, delta_rss +0.0 MiB)
  RR Graph Nodes: 398
  RR Graph Edges: 791
Confirming router algorithm: TIMING_DRIVEN.
## Computing router lookahead map
### Computing wire lookahead
### Computing wire lookahead took 0.00 seconds (max_rss 22.2 MiB, delta_rss +0.0 MiB)
### Computing src/opin lookahead
Warning 47: Found no more sample locations for SOURCE in clb
Warning 48: Found no more sample locations for OPIN in clb
Warning 49: Found no sample locations for SOURCE in mult_36
Warning 50: Found no sample locations for OPIN in mult_36
Warning 51: Found no sample locations for SOURCE in memory
Warning 52: Found no sample locations for OPIN in memory
### Computing src/opin lookahead took 0.00 seconds (max_rss 22.2 MiB, delta_rss +0.0 MiB)
## Computing router lookahead map took 0.00 seconds (max_rss 22.2 MiB, delta_rss +0.0 MiB)
## Initializing router criticalities
Initial Net Connection Criticality Histogram:
[        0:      0.1) 1 ( 12.5%) |************
[      0.1:      0.2) 0 (  0.0%) |
[      0.2:      0.3) 4 ( 50.0%) |*************************************************
[      0.3:      0.4) 3 ( 37.5%) |*************************************
[      0.4:      0.5) 0 (  0.0%) |
[      0.5:      0.6) 0 (  0.0%) |
[      0.6:      0.7) 0 (  0.0%) |
[      0.7:      0.8) 0 (  0.0%) |
[      0.8:      0.9) 0 (  0.0%) |
[      0.9:        1) 0 (  0.0%) |
## Initializing router criticalities took 0.00 seconds (max_rss 22.2 MiB, delta_rss +0.0 MiB)
---- ------ ------- ---- ------- ------- ------- ----------------- --------------- -------- ---------- ---------- ---------- ---------- --------
Iter   Time    pres  BBs    Heap  Re-Rtd  Re-Rtd Overused RR Nodes      Wirelength      CPD       sTNS       sWNS       hTNS       hWNS Est Succ
      (sec)     fac Updt    push    Nets   Conns                                       (ns)       (ns)       (ns)       (ns)       (ns)     Iter
---- ------ ------- ---- ------- ------- ------- ----------------- --------------- -------- ---------- ---------- ---------- ---------- --------
   1    0.0     0.0    0     151       6       7       0 ( 0.000%)      37 (35.6%)    1.844     -9.387     -1.844      0.000      0.000      N/A
Restoring best routing
Critical path: 1.84426 ns
Successfully routed after 1 routing iterations.
Final Net Connection Criticality Histogram:
[        0:      0.1) 1 ( 12.5%) |************
[      0.1:      0.2) 0 (  0.0%) |
[      0.2:      0.3) 4 ( 50.0%) |*************************************************
[      0.3:      0.4) 0 (  0.0%) |
[      0.4:      0.5) 2 ( 25.0%) |*************************
[      0.5:      0.6) 0 (  0.0%) |
[      0.6:      0.7) 0 (  0.0%) |
[      0.7:      0.8) 0 (  0.0%) |
[      0.8:      0.9) 0 (  0.0%) |
[      0.9:        1) 1 ( 12.5%) |************
Router Stats: total_nets_routed: 6 total_connections_routed: 7 total_heap_pushes: 151 total_heap_pops: 130

Attempting to route at 24 channels (binary search bounds: [20, 26])
## Build routing resource graph
Warning 53: in check_rr_node: RR node: 196 pin: 73 pin_name: clb.cout[0] capacity: 1 fan-in: 1 fan-out: 0 OPIN:196 side: (RIGHT,) (1,1) has no out-going edges.
## Build routing resource graph took 0.00 seconds (max_rss 22.2 MiB, delta_rss +0.0 MiB)
  RR Graph Nodes: 390
  RR Graph Edges: 699
Confirming router algorithm: TIMING_DRIVEN.
## Computing router lookahead map
### Computing wire lookahead
### Computing wire lookahead took 0.00 seconds (max_rss 22.2 MiB, delta_rss +0.0 MiB)
### Computing src/opin lookahead
Warning 54: Found no more sample locations for SOURCE in clb
Warning 55: Found no more sample locations for OPIN in clb
Warning 56: Found no sample locations for SOURCE in mult_36
Warning 57: Found no sample locations for OPIN in mult_36
Warning 58: Found no sample locations for SOURCE in memory
Warning 59: Found no sample locations for OPIN in memory
### Computing src/opin lookahead took 0.00 seconds (max_rss 22.2 MiB, delta_rss +0.0 MiB)
## Computing router lookahead map took 0.00 seconds (max_rss 22.2 MiB, delta_rss +0.0 MiB)
## Initializing router criticalities
Initial Net Connection Criticality Histogram:
[        0:      0.1) 1 ( 12.5%) |************
[      0.1:      0.2) 0 (  0.0%) |
[      0.2:      0.3) 4 ( 50.0%) |*************************************************
[      0.3:      0.4) 3 ( 37.5%) |*************************************
[      0.4:      0.5) 0 (  0.0%) |
[      0.5:      0.6) 0 (  0.0%) |
[      0.6:      0.7) 0 (  0.0%) |
[      0.7:      0.8) 0 (  0.0%) |
[      0.8:      0.9) 0 (  0.0%) |
[      0.9:        1) 0 (  0.0%) |
## Initializing router criticalities took 0.00 seconds (max_rss 22.2 MiB, delta_rss +0.0 MiB)
---- ------ ------- ---- ------- ------- ------- ----------------- --------------- -------- ---------- ---------- ---------- ---------- --------
Iter   Time    pres  BBs    Heap  Re-Rtd  Re-Rtd Overused RR Nodes      Wirelength      CPD       sTNS       sWNS       hTNS       hWNS Est Succ
      (sec)     fac Updt    push    Nets   Conns                                       (ns)       (ns)       (ns)       (ns)       (ns)     Iter
---- ------ ------- ---- ------- ------- ------- ----------------- --------------- -------- ---------- ---------- ---------- ---------- --------
Warning 60: No routing path for connection to sink_rr 255, retrying with full device bounding box
Cannot route from clb[0].O[6] (RR node: 107 class: 11 capacity: 1 fan-in: 0 fan-out: 1 SOURCE:107 (1,1)) to io[3].outpad[0] (RR node: 255 class: 9 capacity: 1 fan-in: 1 fan-out: 0 SINK:255 (2,1)) -- no possible path
Failed to route connection from 'up_counter^ADD~4-0[0]' to 'out:up_counter^out~3' for net 'up_counter^out~3' (#2)
Routing failed for net 2
## Build routing resource graph
Warning 61: in check_rr_node: RR node: 196 pin: 73 pin_name: clb.cout[0] capacity: 1 fan-in: 1 fan-out: 0 OPIN:196 side: (RIGHT,) (1,1) has no out-going edges.
## Build routing resource graph took 0.00 seconds (max_rss 22.2 MiB, delta_rss +0.0 MiB)
  RR Graph Nodes: 398
  RR Graph Edges: 791
Best routing used a channel width factor of 26.
# Routing took 0.03 seconds (max_rss 22.2 MiB, delta_rss +0.0 MiB)

Checking to ensure routing is legal...
# Checking to ensure non-configurable edges are legal
# Checking to ensure non-configurable edges are legal took 0.00 seconds (max_rss 22.2 MiB, delta_rss +0.0 MiB)
Completed routing consistency check successfully.

Serial number (magic cookie) for the routing is: -137161
Circuit successfully routed with a channel width factor of 26.
# Synchronize the packed netlist to routing optimization
## Annotating rr_node with routed nets
## Annotating rr_node with routed nets took 0.00 seconds (max_rss 22.2 MiB, delta_rss +0.0 MiB)
Found 6 mismatches between routing and packing results.
Fixed 3 routing traces due to mismatch between routing and packing results.
# Synchronize the packed netlist to routing optimization took 0.00 seconds (max_rss 22.2 MiB, delta_rss +0.0 MiB)
Final Clustering Statistics: 
----------   --------   ------------------------------------   --------------------------
Block Type   # Blocks   Avg. # of input clocks and pins used   Avg. # of output pins used
----------   --------   ------------------------------------   --------------------------
     EMPTY          0                                      0                            0   
        io          7                               0.571429                     0.428571   
       clb          1                                      4                            4   
   mult_36          0                                      0                            0   
    memory          0                                      0                            0   
Absorbed logical nets 14 out of 21 nets, 7 nets not absorbed.


Average number of bends per net: 5.16667  Maximum # of bends: 19

Number of global nets: 1
Number of routed nets (nonglobal): 6
Wire length results (in units of 1 clb segments)...
	Total wirelength: 37, average net length: 6.16667
	Maximum net length: 20

Wire length results in terms of physical segments...
	Total wiring segments used: 37, average wire segments per net: 6.16667
	Maximum segments used by a net: 20
	Total local nets with reserved CLB opins: 0

Routing channel utilization histogram:
[        1:      inf) 0 (  0.0%) |
[      0.9:        1) 0 (  0.0%) |
[      0.8:      0.9) 0 (  0.0%) |
[      0.7:      0.8) 0 (  0.0%) |
[      0.5:      0.6) 0 (  0.0%) |
[      0.4:      0.5) 0 (  0.0%) |
[      0.3:      0.4) 4 ( 50.0%) |*************************************************
[      0.2:      0.3) 0 (  0.0%) |
[      0.1:      0.2) 0 (  0.0%) |
[        0:      0.1) 4 ( 50.0%) |*************************************************
Maximum routing channel utilization:      0.35 at (1,1)

X - Directed channels:   j max occ ave occ capacity
                      ---- ------- ------- --------
                         0       8   2.667       26
                         1       9   3.000       26
Y - Directed channels:   i max occ ave occ capacity
                      ---- ------- ------- --------
                         0      10   3.333       26
                         1      10   3.333       26

Total tracks in x-direction: 52, in y-direction: 52

Logic area (in minimum width transistor areas, excludes I/Os and empty grid tiles)...
	Total logic block area (Warning, need to add pitch of routing to blocks with height > 3): 53894
	Total used logic block area: 53894

Routing area (in minimum width transistor areas)...
	Total routing area: 6935.29, per logic tile: 770.587

Segment usage by type (index):              name type utilization
                               ----------------- ---- -----------
                               unnamed_segment_0    0       0.356

Segment usage by length: length utilization
                         ------ -----------
                              4       0.356


Final hold Worst Negative Slack (hWNS): 0 ns
Final hold Total Negative Slack (hTNS): 0 ns

Final hold slack histogram:
[  2.9e-10:  4.4e-10) 5 ( 62.5%) |*************************************************
[  4.4e-10:  5.8e-10) 0 (  0.0%) |
[  5.8e-10:  7.3e-10) 1 ( 12.5%) |**********
[  7.3e-10:  8.7e-10) 1 ( 12.5%) |**********
[  8.7e-10:    1e-09) 0 (  0.0%) |
[    1e-09:  1.2e-09) 0 (  0.0%) |
[  1.2e-09:  1.3e-09) 0 (  0.0%) |
[  1.3e-09:  1.5e-09) 0 (  0.0%) |
[  1.5e-09:  1.6e-09) 0 (  0.0%) |
[  1.6e-09:  1.7e-09) 1 ( 12.5%) |**********

Final critical path delay (least slack): 1.84426 ns, Fmax: 542.224 MHz
Final setup Worst Negative Slack (sWNS): -1.84426 ns
Final setup Total Negative Slack (sTNS): -9.38715 ns

Final setup slack histogram:
[ -1.8e-09: -1.7e-09) 1 ( 12.5%) |****************
[ -1.7e-09: -1.6e-09) 0 (  0.0%) |
[ -1.6e-09: -1.4e-09) 3 ( 37.5%) |*************************************************
[ -1.4e-09: -1.3e-09) 0 (  0.0%) |
[ -1.3e-09: -1.1e-09) 0 (  0.0%) |
[ -1.1e-09:   -1e-09) 1 ( 12.5%) |****************
[   -1e-09: -8.7e-10) 0 (  0.0%) |
[ -8.7e-10: -7.3e-10) 2 ( 25.0%) |*********************************
[ -7.3e-10: -5.9e-10) 0 (  0.0%) |
[ -5.9e-10: -4.5e-10) 1 ( 12.5%) |****************

Final geomean non-virtual intra-domain period: 1.84426 ns (542.224 MHz)
Final fanout-weighted geomean non-virtual intra-domain period: 1.84426 ns (542.224 MHz)

Writing Implementation Netlist: up_counter_post_synthesis.v
Writing Implementation Netlist: up_counter_post_synthesis.blif
Writing Implementation SDF    : up_counter_post_synthesis.sdf
Incr Slack updates 1 in 9.33e-06 sec
Full Max Req/Worst Slack updates 1 in 2.418e-06 sec
Incr Max Req/Worst Slack updates 0 in 0 sec
Incr Criticality updates 0 in 0 sec
Full Criticality updates 1 in 4.525e-06 sec
Flow timing analysis took 0.00481598 seconds (0.00404163 STA, 0.000774343 slack) (67 full updates: 5 setup, 0 hold, 62 combined).
VPR succeeded
The entire flow of VPR took 0.19 seconds (max_rss 22.4 MiB)
Incr Slack updates 61 in 0.000195523 sec
Full Max Req/Worst Slack updates 15 in 2.8162e-05 sec
Incr Max Req/Worst Slack updates 46 in 6.0139e-05 sec
Incr Criticality updates 32 in 0.000112843 sec
Full Criticality updates 29 in 8.2478e-05 sec
